<?xml version="1.0" encoding="UTF-8"?>
<testng-results skipped="0" failed="0" ignored="0" total="1" passed="1">
  <reporter-output>
    <line>
      <![CDATA[Submitted Successfully.]]>
    </line>
    <line>
      <![CDATA[Test: testA is Pass]]>
    </line>
    <line>
      <![CDATA[TestName: testA Status: Pass]]>
    </line>
  </reporter-output>
  <suite name="Default suite" duration-ms="28223" started-at="2018-11-26T14:49:08Z" finished-at="2018-11-26T14:49:36Z">
    <groups>
    </groups>
    <test name="Default test" duration-ms="28223" started-at="2018-11-26T14:49:08Z" finished-at="2018-11-26T14:49:36Z">
      <class name="script.Clinician_Reg_TC4">
        <test-method status="PASS" signature="openApp(java.lang.String, java.lang.String)[pri:0, instance:script.Clinician_Reg_TC4@631330c]" name="openApp" is-config="true" duration-ms="12415" started-at="2018-11-26T14:49:08Z" finished-at="2018-11-26T14:49:21Z">
          <params>
            <param index="0">
              <value>
                <![CDATA[localhost]]>
              </value>
            </param>
            <param index="1">
              <value>
                <![CDATA[chrome]]>
              </value>
            </param>
          </params>
          <reporter-output>
          </reporter-output>
        </test-method> <!-- openApp -->
        <test-method status="PASS" signature="testA()[pri:0, instance:script.Clinician_Reg_TC4@631330c]" name="testA" duration-ms="15772" started-at="2018-11-26T14:49:21Z" finished-at="2018-11-26T14:49:36Z">
          <reporter-output>
            <line>
              <![CDATA[Submitted Successfully.]]>
            </line>
            <line>
              <![CDATA[Test: testA is Pass]]>
            </line>
          </reporter-output>
        </test-method> <!-- testA -->
        <test-method status="PASS" signature="closeApp(org.testng.ITestResult)[pri:0, instance:script.Clinician_Reg_TC4@631330c]" name="closeApp" is-config="true" duration-ms="2" started-at="2018-11-26T14:49:36Z" finished-at="2018-11-26T14:49:36Z">
          <params>
            <param index="0">
              <value>
                <![CDATA[[TestResult name=testA status=SUCCESS method=Clinician_Reg_TC4.testA()[pri:0, instance:script.Clinician_Reg_TC4@631330c] output=Submitted Successfully.]]]>
              </value>
            </param>
          </params>
          <reporter-output>
            <line>
              <![CDATA[TestName: testA Status: Pass]]>
            </line>
          </reporter-output>
        </test-method> <!-- closeApp -->
      </class> <!-- script.Clinician_Reg_TC4 -->
    </test> <!-- Default test -->
  </suite> <!-- Default suite -->
</testng-results>
