<?xml version="1.0" encoding="UTF-8"?>
<testng-results skipped="0" failed="0" total="1" passed="1">
  <reporter-output>
    <line>
      <![CDATA[Test: testA is Pass]]>
    </line>
    <line>
      <![CDATA[TestName: testA Status: Pass]]>
    </line>
  </reporter-output>
  <suite name="Default suite" duration-ms="51862" started-at="2018-12-06T11:20:04Z" finished-at="2018-12-06T11:20:56Z">
    <groups>
    </groups>
    <test name="Default test" duration-ms="51862" started-at="2018-12-06T11:20:04Z" finished-at="2018-12-06T11:20:56Z">
      <class name="script.CMC_Auto">
        <test-method status="PASS" signature="openApp(java.lang.String, java.lang.String)[pri:0, instance:script.CMC_Auto@cc285f4]" name="openApp" is-config="true" duration-ms="9809" started-at="2018-12-06T06:20:04Z" finished-at="2018-12-06T06:20:14Z">
          <params>
            <param index="0">
              <value>
                <![CDATA[localhost]]>
              </value>
            </param>
            <param index="1">
              <value>
                <![CDATA[chrome]]>
              </value>
            </param>
          </params>
          <reporter-output>
          </reporter-output>
        </test-method> <!-- openApp -->
        <test-method status="PASS" signature="testA()[pri:0, instance:script.CMC_Auto@cc285f4]" name="testA" duration-ms="41618" started-at="2018-12-06T06:20:14Z" finished-at="2018-12-06T06:20:55Z">
          <reporter-output>
            <line>
              <![CDATA[Test: testA is Pass]]>
            </line>
          </reporter-output>
        </test-method> <!-- testA -->
        <test-method status="PASS" signature="closeApp(org.testng.ITestResult)[pri:0, instance:script.CMC_Auto@cc285f4]" name="closeApp" is-config="true" duration-ms="378" started-at="2018-12-06T06:20:55Z" finished-at="2018-12-06T06:20:56Z">
          <params>
            <param index="0">
              <value>
                <![CDATA[[TestResult name=testA status=SUCCESS method=CMC_Auto.testA()[pri:0, instance:script.CMC_Auto@cc285f4] output=Test: testA is Pass]]]>
              </value>
            </param>
          </params>
          <reporter-output>
            <line>
              <![CDATA[TestName: testA Status: Pass]]>
            </line>
          </reporter-output>
        </test-method> <!-- closeApp -->
      </class> <!-- script.CMC_Auto -->
    </test> <!-- Default test -->
  </suite> <!-- Default suite -->
</testng-results>
