<?xml version="1.0" encoding="UTF-8"?>
<testng-results skipped="0" failed="5" total="14" passed="9">
  <reporter-output>
    <line>
      <![CDATA[Access Code Page is Displayed.]]>
    </line>
    <line>
      <![CDATA[Test: validEmail is Fail]]>
    </line>
    <line>
      <![CDATA[TestName: validEmail Status: Fail]]>
    </line>
    <line>
      <![CDATA[PHOTO: ./photo/Wed Dec 12 03_07_48 EST 2018.png]]>
    </line>
    <line>
      <![CDATA[Test: invalidEmail is Fail]]>
    </line>
    <line>
      <![CDATA[TestName: invalidEmail Status: Fail]]>
    </line>
    <line>
      <![CDATA[PHOTO: ./photo/Wed Dec 12 03_08_18 EST 2018.png]]>
    </line>
    <line>
      <![CDATA[Test: regAfterSignOut is Fail]]>
    </line>
    <line>
      <![CDATA[TestName: regAfterSignOut Status: Fail]]>
    </line>
    <line>
      <![CDATA[PHOTO: ./photo/Wed Dec 12 03_08_38 EST 2018.png]]>
    </line>
    <line>
      <![CDATA[Submitted Successfully.]]>
    </line>
    <line>
      <![CDATA[Test: clinicianReg is Pass]]>
    </line>
    <line>
      <![CDATA[TestName: clinicianReg Status: Pass]]>
    </line>
    <line>
      <![CDATA[Submitted Successfully.]]>
    </line>
    <line>
      <![CDATA[Test: labAdminRegistration is Pass]]>
    </line>
    <line>
      <![CDATA[TestName: labAdminRegistration Status: Pass]]>
    </line>
    <line>
      <![CDATA[Submitted Successfully.]]>
    </line>
    <line>
      <![CDATA[Test: otherRegistration is Pass]]>
    </line>
    <line>
      <![CDATA[TestName: otherRegistration Status: Pass]]>
    </line>
    <line>
      <![CDATA[Test: paymentWithCard is Fail]]>
    </line>
    <line>
      <![CDATA[TestName: paymentWithCard Status: Fail]]>
    </line>
    <line>
      <![CDATA[PHOTO: ./photo/Wed Dec 12 03_10_06 EST 2018.png]]>
    </line>
    <line>
      <![CDATA[Payment Section is displayed.]]>
    </line>
    <line>
      <![CDATA[Both prices are equal.]]>
    </line>
    <line>
      <![CDATA[Payment Section is displayed.]]>
    </line>
    <line>
      <![CDATA[Total amount and payable amount are same.]]>
    </line>
    <line>
      <![CDATA[Payment is confirmed and in request creation page.]]>
    </line>
    <line>
      <![CDATA[Test: paymentWithPaypal is Pass]]>
    </line>
    <line>
      <![CDATA[TestName: paymentWithPaypal Status: Pass]]>
    </line>
    <line>
      <![CDATA[Test: creationOfDDM is Pass]]>
    </line>
    <line>
      <![CDATA[TestName: creationOfDDM Status: Pass]]>
    </line>
    <line>
      <![CDATA[Test: create_LLR_Request is Fail]]>
    </line>
    <line>
      <![CDATA[TestName: create_LLR_Request Status: Fail]]>
    </line>
    <line>
      <![CDATA[PHOTO: ./photo/Wed Dec 12 03_13_58 EST 2018.png]]>
    </line>
    <line>
      <![CDATA[LLR Request List Page is displayed.]]>
    </line>
    <line>
      <![CDATA[Test: create_LLR_jpg is Pass]]>
    </line>
    <line>
      <![CDATA[TestName: create_LLR_jpg Status: Pass]]>
    </line>
    <line>
      <![CDATA[LLR Request List Page is displayed.]]>
    </line>
    <line>
      <![CDATA[Test: create_LLR_png is Pass]]>
    </line>
    <line>
      <![CDATA[TestName: create_LLR_png Status: Pass]]>
    </line>
    <line>
      <![CDATA[LLR Request List Page is displayed.]]>
    </line>
    <line>
      <![CDATA[Test: create_LLR_pdf is Pass]]>
    </line>
    <line>
      <![CDATA[TestName: create_LLR_pdf Status: Pass]]>
    </line>
    <line>
      <![CDATA[LLR Request List Page is displayed.]]>
    </line>
    <line>
      <![CDATA[The Report is not editable.]]>
    </line>
    <line>
      <![CDATA[Test: view_LLR_List is Pass]]>
    </line>
    <line>
      <![CDATA[TestName: view_LLR_List Status: Pass]]>
    </line>
  </reporter-output>
  <suite name="Suite" duration-ms="700165" started-at="2018-12-12T08:06:42Z" finished-at="2018-12-12T08:18:22Z">
    <groups>
    </groups>
    <test name="Test" duration-ms="700165" started-at="2018-12-12T08:06:42Z" finished-at="2018-12-12T08:18:22Z">
      <class name="script.Clinician_Reg_TC4">
        <test-method status="PASS" signature="openApp(java.lang.String, java.lang.String)[pri:0, instance:script.Clinician_Reg_TC4@523884b2]" name="openApp" is-config="true" duration-ms="9133" started-at="2018-12-12T03:08:38Z" finished-at="2018-12-12T03:08:48Z">
          <params>
            <param index="0">
              <value>
                <![CDATA[localhost]]>
              </value>
            </param>
            <param index="1">
              <value>
                <![CDATA[chrome]]>
              </value>
            </param>
          </params>
          <reporter-output>
          </reporter-output>
        </test-method> <!-- openApp -->
        <test-method status="PASS" signature="clinicianReg()[pri:4, instance:script.Clinician_Reg_TC4@523884b2]" name="clinicianReg" duration-ms="14542" started-at="2018-12-12T03:08:48Z" finished-at="2018-12-12T03:09:02Z">
          <reporter-output>
            <line>
              <![CDATA[Submitted Successfully.]]>
            </line>
            <line>
              <![CDATA[Test: clinicianReg is Pass]]>
            </line>
          </reporter-output>
        </test-method> <!-- clinicianReg -->
        <test-method status="PASS" signature="closeApp(org.testng.ITestResult)[pri:0, instance:script.Clinician_Reg_TC4@523884b2]" name="closeApp" is-config="true" duration-ms="263" started-at="2018-12-12T03:09:02Z" finished-at="2018-12-12T03:09:02Z">
          <params>
            <param index="0">
              <value>
                <![CDATA[[TestResult name=clinicianReg status=SUCCESS method=Clinician_Reg_TC4.clinicianReg()[pri:4, instance:script.Clinician_Reg_TC4@523884b2] output=Submitted Successfully.]]]>
              </value>
            </param>
          </params>
          <reporter-output>
            <line>
              <![CDATA[TestName: clinicianReg Status: Pass]]>
            </line>
          </reporter-output>
        </test-method> <!-- closeApp -->
      </class> <!-- script.Clinician_Reg_TC4 -->
      <class name="script.Others_Reg_TC6">
        <test-method status="PASS" signature="openApp(java.lang.String, java.lang.String)[pri:0, instance:script.Others_Reg_TC6@61832929]" name="openApp" is-config="true" duration-ms="10429" started-at="2018-12-12T03:09:23Z" finished-at="2018-12-12T03:09:34Z">
          <params>
            <param index="0">
              <value>
                <![CDATA[localhost]]>
              </value>
            </param>
            <param index="1">
              <value>
                <![CDATA[chrome]]>
              </value>
            </param>
          </params>
          <reporter-output>
          </reporter-output>
        </test-method> <!-- openApp -->
        <test-method status="PASS" signature="otherRegistration()[pri:6, instance:script.Others_Reg_TC6@61832929]" name="otherRegistration" duration-ms="8872" started-at="2018-12-12T03:09:34Z" finished-at="2018-12-12T03:09:43Z">
          <reporter-output>
            <line>
              <![CDATA[Submitted Successfully.]]>
            </line>
            <line>
              <![CDATA[Test: otherRegistration is Pass]]>
            </line>
          </reporter-output>
        </test-method> <!-- otherRegistration -->
        <test-method status="PASS" signature="closeApp(org.testng.ITestResult)[pri:0, instance:script.Others_Reg_TC6@61832929]" name="closeApp" is-config="true" duration-ms="290" started-at="2018-12-12T03:09:43Z" finished-at="2018-12-12T03:09:43Z">
          <params>
            <param index="0">
              <value>
                <![CDATA[[TestResult name=otherRegistration status=SUCCESS method=Others_Reg_TC6.otherRegistration()[pri:6, instance:script.Others_Reg_TC6@61832929] output=Submitted Successfully.]]]>
              </value>
            </param>
          </params>
          <reporter-output>
            <line>
              <![CDATA[TestName: otherRegistration Status: Pass]]>
            </line>
          </reporter-output>
        </test-method> <!-- closeApp -->
      </class> <!-- script.Others_Reg_TC6 -->
      <class name="script.PaymentWithCard_TC7">
        <test-method status="PASS" signature="openApp(java.lang.String, java.lang.String)[pri:0, instance:script.PaymentWithCard_TC7@29774679]" name="openApp" is-config="true" duration-ms="6627" started-at="2018-12-12T03:09:43Z" finished-at="2018-12-12T03:09:49Z">
          <params>
            <param index="0">
              <value>
                <![CDATA[localhost]]>
              </value>
            </param>
            <param index="1">
              <value>
                <![CDATA[chrome]]>
              </value>
            </param>
          </params>
          <reporter-output>
          </reporter-output>
        </test-method> <!-- openApp -->
        <test-method status="FAIL" signature="paymentWithCard()[pri:7, instance:script.PaymentWithCard_TC7@29774679]" name="paymentWithCard" duration-ms="16393" started-at="2018-12-12T03:09:49Z" finished-at="2018-12-12T03:10:06Z">
          <exception class="org.openqa.selenium.NoSuchElementException">
            <message>
              <![CDATA[no such element: Unable to locate element: {"method":"xpath","selector":"//div[@class='pm-pay-details']"}
  (Session info: chrome=70.0.3538.110)
  (Driver info: chromedriver=2.44.609545 (c2f88692e98ce7233d2df7c724465ecacfe74df5),platform=Mac OS X 10.12.6 x86_64) (WARNING: The server did not provide any stacktrace information)
Command duration or timeout: 0 milliseconds
For documentation on this error, please visit: http://seleniumhq.org/exceptions/no_such_element.html
Build info: version: '3.14.0', revision: 'aacccce0', time: '2018-08-02T20:13:22.693Z'
System info: host: 'BTC-Mac.local', ip: 'fe80:0:0:0:c89:5fc8:6991:4664%en0', os.name: 'Mac OS X', os.arch: 'x86_64', os.version: '10.12.6', java.version: '1.8.0_101'
Driver info: org.openqa.selenium.chrome.ChromeDriver
Capabilities {acceptInsecureCerts: false, acceptSslCerts: false, applicationCacheEnabled: false, browserConnectionEnabled: false, browserName: chrome, chrome: {chromedriverVersion: 2.44.609545 (c2f88692e98ce7..., userDataDir: /var/folders/ty/3vsm8cdd1ss...}, cssSelectorsEnabled: true, databaseEnabled: false, goog:chromeOptions: {debuggerAddress: localhost:51753}, handlesAlerts: true, hasTouchScreen: false, javascriptEnabled: true, locationContextEnabled: true, mobileEmulationEnabled: false, nativeEvents: true, networkConnectionEnabled: false, pageLoadStrategy: normal, platform: MAC, platformName: MAC, rotatable: false, setWindowRect: true, takesHeapSnapshot: true, takesScreenshot: true, unexpectedAlertBehaviour: ignore, unhandledPromptBehavior: ignore, version: 70.0.3538.110, webStorageEnabled: true}
Session ID: f6653752d9ab1645df4a319cd658947c
*** Element info: {Using=xpath, value=//div[@class='pm-pay-details']}]]>
            </message>
            <full-stacktrace>
              <![CDATA[org.openqa.selenium.NoSuchElementException: no such element: Unable to locate element: {"method":"xpath","selector":"//div[@class='pm-pay-details']"}
  (Session info: chrome=70.0.3538.110)
  (Driver info: chromedriver=2.44.609545 (c2f88692e98ce7233d2df7c724465ecacfe74df5),platform=Mac OS X 10.12.6 x86_64) (WARNING: The server did not provide any stacktrace information)
Command duration or timeout: 0 milliseconds
For documentation on this error, please visit: http://seleniumhq.org/exceptions/no_such_element.html
Build info: version: '3.14.0', revision: 'aacccce0', time: '2018-08-02T20:13:22.693Z'
System info: host: 'BTC-Mac.local', ip: 'fe80:0:0:0:c89:5fc8:6991:4664%en0', os.name: 'Mac OS X', os.arch: 'x86_64', os.version: '10.12.6', java.version: '1.8.0_101'
Driver info: org.openqa.selenium.chrome.ChromeDriver
Capabilities {acceptInsecureCerts: false, acceptSslCerts: false, applicationCacheEnabled: false, browserConnectionEnabled: false, browserName: chrome, chrome: {chromedriverVersion: 2.44.609545 (c2f88692e98ce7..., userDataDir: /var/folders/ty/3vsm8cdd1ss...}, cssSelectorsEnabled: true, databaseEnabled: false, goog:chromeOptions: {debuggerAddress: localhost:51753}, handlesAlerts: true, hasTouchScreen: false, javascriptEnabled: true, locationContextEnabled: true, mobileEmulationEnabled: false, nativeEvents: true, networkConnectionEnabled: false, pageLoadStrategy: normal, platform: MAC, platformName: MAC, rotatable: false, setWindowRect: true, takesHeapSnapshot: true, takesScreenshot: true, unexpectedAlertBehaviour: ignore, unhandledPromptBehavior: ignore, version: 70.0.3538.110, webStorageEnabled: true}
Session ID: f6653752d9ab1645df4a319cd658947c
*** Element info: {Using=xpath, value=//div[@class='pm-pay-details']}
	at sun.reflect.NativeConstructorAccessorImpl.newInstance0(Native Method)
	at sun.reflect.NativeConstructorAccessorImpl.newInstance(NativeConstructorAccessorImpl.java:62)
	at sun.reflect.DelegatingConstructorAccessorImpl.newInstance(DelegatingConstructorAccessorImpl.java:45)
	at java.lang.reflect.Constructor.newInstance(Constructor.java:423)
	at org.openqa.selenium.remote.ErrorHandler.createThrowable(ErrorHandler.java:214)
	at org.openqa.selenium.remote.ErrorHandler.throwIfResponseFailed(ErrorHandler.java:166)
	at org.openqa.selenium.remote.http.JsonHttpResponseCodec.reconstructValue(JsonHttpResponseCodec.java:40)
	at org.openqa.selenium.remote.http.AbstractHttpResponseCodec.decode(AbstractHttpResponseCodec.java:80)
	at org.openqa.selenium.remote.http.AbstractHttpResponseCodec.decode(AbstractHttpResponseCodec.java:44)
	at org.openqa.selenium.remote.HttpCommandExecutor.execute(HttpCommandExecutor.java:158)
	at org.openqa.selenium.remote.service.DriverCommandExecutor.execute(DriverCommandExecutor.java:83)
	at org.openqa.selenium.remote.RemoteWebDriver.execute(RemoteWebDriver.java:548)
	at org.openqa.selenium.remote.RemoteWebDriver.findElement(RemoteWebDriver.java:322)
	at org.openqa.selenium.remote.RemoteWebDriver.findElementByXPath(RemoteWebDriver.java:424)
	at org.openqa.selenium.By$ByXPath.findElement(By.java:353)
	at org.openqa.selenium.remote.RemoteWebDriver.findElement(RemoteWebDriver.java:314)
	at org.openqa.selenium.support.pagefactory.DefaultElementLocator.findElement(DefaultElementLocator.java:69)
	at org.openqa.selenium.support.pagefactory.internal.LocatingElementHandler.invoke(LocatingElementHandler.java:38)
	at com.sun.proxy.$Proxy12.isDisplayed(Unknown Source)
	at page.PaymentPage.checkPaymentSection(PaymentPage.java:121)
	at script.PaymentWithCard_TC7.paymentWithCard(PaymentWithCard_TC7.java:33)
	at sun.reflect.NativeMethodAccessorImpl.invoke0(Native Method)
	at sun.reflect.NativeMethodAccessorImpl.invoke(NativeMethodAccessorImpl.java:62)
	at sun.reflect.DelegatingMethodAccessorImpl.invoke(DelegatingMethodAccessorImpl.java:43)
	at java.lang.reflect.Method.invoke(Method.java:498)
	at org.testng.internal.MethodInvocationHelper.invokeMethod(MethodInvocationHelper.java:86)
	at org.testng.internal.Invoker.invokeMethod(Invoker.java:643)
	at org.testng.internal.Invoker.invokeTestMethod(Invoker.java:820)
	at org.testng.internal.Invoker.invokeTestMethods(Invoker.java:1128)
	at org.testng.internal.TestMethodWorker.invokeTestMethods(TestMethodWorker.java:129)
	at org.testng.internal.TestMethodWorker.run(TestMethodWorker.java:112)
	at org.testng.TestRunner.privateRun(TestRunner.java:782)
	at org.testng.TestRunner.run(TestRunner.java:632)
	at org.testng.SuiteRunner.runTest(SuiteRunner.java:366)
	at org.testng.SuiteRunner.runSequentially(SuiteRunner.java:361)
	at org.testng.SuiteRunner.privateRun(SuiteRunner.java:319)
	at org.testng.SuiteRunner.run(SuiteRunner.java:268)
	at org.testng.SuiteRunnerWorker.runSuite(SuiteRunnerWorker.java:52)
	at org.testng.SuiteRunnerWorker.run(SuiteRunnerWorker.java:86)
	at org.testng.TestNG.runSuitesSequentially(TestNG.java:1244)
	at org.testng.TestNG.runSuitesLocally(TestNG.java:1169)
	at org.testng.TestNG.run(TestNG.java:1064)
	at org.testng.remote.AbstractRemoteTestNG.run(AbstractRemoteTestNG.java:114)
	at org.testng.remote.RemoteTestNG.initAndRun(RemoteTestNG.java:251)
	at org.testng.remote.RemoteTestNG.main(RemoteTestNG.java:77)
]]>
            </full-stacktrace>
          </exception> <!-- org.openqa.selenium.NoSuchElementException -->
          <reporter-output>
            <line>
              <![CDATA[Test: paymentWithCard is Fail]]>
            </line>
          </reporter-output>
        </test-method> <!-- paymentWithCard -->
        <test-method status="PASS" signature="closeApp(org.testng.ITestResult)[pri:0, instance:script.PaymentWithCard_TC7@29774679]" name="closeApp" is-config="true" duration-ms="665" started-at="2018-12-12T03:10:06Z" finished-at="2018-12-12T03:10:07Z">
          <params>
            <param index="0">
              <value>
                <![CDATA[[TestResult name=paymentWithCard status=FAILURE method=PaymentWithCard_TC7.paymentWithCard()[pri:7, instance:script.PaymentWithCard_TC7@29774679] output=Test: paymentWithCard is Fail]]]>
              </value>
            </param>
          </params>
          <reporter-output>
            <line>
              <![CDATA[TestName: paymentWithCard Status: Fail]]>
            </line>
            <line>
              <![CDATA[PHOTO: ./photo/Wed Dec 12 03_10_06 EST 2018.png]]>
            </line>
          </reporter-output>
        </test-method> <!-- closeApp -->
      </class> <!-- script.PaymentWithCard_TC7 -->
      <class name="script.Create_LLR_Request_JPG_TC10">
        <test-method status="PASS" signature="openApp(java.lang.String, java.lang.String)[pri:0, instance:script.Create_LLR_Request_JPG_TC10@3532ec19]" name="openApp" is-config="true" duration-ms="11344" started-at="2018-12-12T03:13:59Z" finished-at="2018-12-12T03:14:10Z">
          <params>
            <param index="0">
              <value>
                <![CDATA[localhost]]>
              </value>
            </param>
            <param index="1">
              <value>
                <![CDATA[chrome]]>
              </value>
            </param>
          </params>
          <reporter-output>
          </reporter-output>
        </test-method> <!-- openApp -->
        <test-method status="PASS" signature="create_LLR_jpg()[pri:10, instance:script.Create_LLR_Request_JPG_TC10@3532ec19]" name="create_LLR_jpg" duration-ms="49303" started-at="2018-12-12T03:14:10Z" finished-at="2018-12-12T03:14:59Z">
          <reporter-output>
            <line>
              <![CDATA[LLR Request List Page is displayed.]]>
            </line>
            <line>
              <![CDATA[Test: create_LLR_jpg is Pass]]>
            </line>
          </reporter-output>
        </test-method> <!-- create_LLR_jpg -->
        <test-method status="PASS" signature="closeApp(org.testng.ITestResult)[pri:0, instance:script.Create_LLR_Request_JPG_TC10@3532ec19]" name="closeApp" is-config="true" duration-ms="384" started-at="2018-12-12T03:14:59Z" finished-at="2018-12-12T03:15:00Z">
          <params>
            <param index="0">
              <value>
                <![CDATA[[TestResult name=create_LLR_jpg status=SUCCESS method=Create_LLR_Request_JPG_TC10.create_LLR_jpg()[pri:10, instance:script.Create_LLR_Request_JPG_TC10@3532ec19] output=LLR Request List Page is displayed.]]]>
              </value>
            </param>
          </params>
          <reporter-output>
            <line>
              <![CDATA[TestName: create_LLR_jpg Status: Pass]]>
            </line>
          </reporter-output>
        </test-method> <!-- closeApp -->
      </class> <!-- script.Create_LLR_Request_JPG_TC10 -->
      <class name="script.Create_LLR_Request_PDF_TC12">
        <test-method status="PASS" signature="openApp(java.lang.String, java.lang.String)[pri:0, instance:script.Create_LLR_Request_PDF_TC12@ae45eb6]" name="openApp" is-config="true" duration-ms="24566" started-at="2018-12-12T03:16:17Z" finished-at="2018-12-12T03:16:41Z">
          <params>
            <param index="0">
              <value>
                <![CDATA[localhost]]>
              </value>
            </param>
            <param index="1">
              <value>
                <![CDATA[chrome]]>
              </value>
            </param>
          </params>
          <reporter-output>
          </reporter-output>
        </test-method> <!-- openApp -->
        <test-method status="PASS" signature="create_LLR_pdf()[pri:12, instance:script.Create_LLR_Request_PDF_TC12@ae45eb6]" name="create_LLR_pdf" duration-ms="71731" started-at="2018-12-12T03:16:41Z" finished-at="2018-12-12T03:17:53Z">
          <reporter-output>
            <line>
              <![CDATA[LLR Request List Page is displayed.]]>
            </line>
            <line>
              <![CDATA[Test: create_LLR_pdf is Pass]]>
            </line>
          </reporter-output>
        </test-method> <!-- create_LLR_pdf -->
        <test-method status="PASS" signature="closeApp(org.testng.ITestResult)[pri:0, instance:script.Create_LLR_Request_PDF_TC12@ae45eb6]" name="closeApp" is-config="true" duration-ms="606" started-at="2018-12-12T03:17:53Z" finished-at="2018-12-12T03:17:54Z">
          <params>
            <param index="0">
              <value>
                <![CDATA[[TestResult name=create_LLR_pdf status=SUCCESS method=Create_LLR_Request_PDF_TC12.create_LLR_pdf()[pri:12, instance:script.Create_LLR_Request_PDF_TC12@ae45eb6] output=LLR Request List Page is displayed.]]]>
              </value>
            </param>
          </params>
          <reporter-output>
            <line>
              <![CDATA[TestName: create_LLR_pdf Status: Pass]]>
            </line>
          </reporter-output>
        </test-method> <!-- closeApp -->
      </class> <!-- script.Create_LLR_Request_PDF_TC12 -->
      <class name="script.LabAdmin_Reg_TC5">
        <test-method status="PASS" signature="openApp(java.lang.String, java.lang.String)[pri:0, instance:script.LabAdmin_Reg_TC5@5b275dab]" name="openApp" is-config="true" duration-ms="10024" started-at="2018-12-12T03:09:02Z" finished-at="2018-12-12T03:09:12Z">
          <params>
            <param index="0">
              <value>
                <![CDATA[localhost]]>
              </value>
            </param>
            <param index="1">
              <value>
                <![CDATA[chrome]]>
              </value>
            </param>
          </params>
          <reporter-output>
          </reporter-output>
        </test-method> <!-- openApp -->
        <test-method status="PASS" signature="labAdminRegistration()[pri:5, instance:script.LabAdmin_Reg_TC5@5b275dab]" name="labAdminRegistration" duration-ms="10582" started-at="2018-12-12T03:09:12Z" finished-at="2018-12-12T03:09:23Z">
          <reporter-output>
            <line>
              <![CDATA[Submitted Successfully.]]>
            </line>
            <line>
              <![CDATA[Test: labAdminRegistration is Pass]]>
            </line>
          </reporter-output>
        </test-method> <!-- labAdminRegistration -->
        <test-method status="PASS" signature="closeApp(org.testng.ITestResult)[pri:0, instance:script.LabAdmin_Reg_TC5@5b275dab]" name="closeApp" is-config="true" duration-ms="271" started-at="2018-12-12T03:09:23Z" finished-at="2018-12-12T03:09:23Z">
          <params>
            <param index="0">
              <value>
                <![CDATA[[TestResult name=labAdminRegistration status=SUCCESS method=LabAdmin_Reg_TC5.labAdminRegistration()[pri:5, instance:script.LabAdmin_Reg_TC5@5b275dab] output=Submitted Successfully.]]]>
              </value>
            </param>
          </params>
          <reporter-output>
            <line>
              <![CDATA[TestName: labAdminRegistration Status: Pass]]>
            </line>
          </reporter-output>
        </test-method> <!-- closeApp -->
      </class> <!-- script.LabAdmin_Reg_TC5 -->
      <class name="script.Invalid_Email_TC2">
        <test-method status="PASS" signature="openApp(java.lang.String, java.lang.String)[pri:0, instance:script.Invalid_Email_TC2@28d25987]" name="openApp" is-config="true" duration-ms="13370" started-at="2018-12-12T03:07:49Z" finished-at="2018-12-12T03:08:02Z">
          <params>
            <param index="0">
              <value>
                <![CDATA[localhost]]>
              </value>
            </param>
            <param index="1">
              <value>
                <![CDATA[chrome]]>
              </value>
            </param>
          </params>
          <reporter-output>
          </reporter-output>
        </test-method> <!-- openApp -->
        <test-method status="FAIL" signature="invalidEmail()[pri:2, instance:script.Invalid_Email_TC2@28d25987]" name="invalidEmail" duration-ms="15947" started-at="2018-12-12T03:08:02Z" finished-at="2018-12-12T03:08:18Z">
          <exception class="org.openqa.selenium.TimeoutException">
            <message>
              <![CDATA[Expected condition failed: waiting for text ('Welcome to My Gene Counsel!') to be present in element [[ChromeDriver: chrome on MAC (b407e169aa36836ac9c9005c10ecc624)] -> xpath: //div[@class='login__title']] (tried for 10 second(s) with 500 milliseconds interval)
Build info: version: '3.14.0', revision: 'aacccce0', time: '2018-08-02T20:13:22.693Z'
System info: host: 'BTC-Mac.local', ip: 'fe80:0:0:0:c89:5fc8:6991:4664%en0', os.name: 'Mac OS X', os.arch: 'x86_64', os.version: '10.12.6', java.version: '1.8.0_101'
Driver info: org.openqa.selenium.chrome.ChromeDriver
Capabilities {acceptInsecureCerts: false, acceptSslCerts: false, applicationCacheEnabled: false, browserConnectionEnabled: false, browserName: chrome, chrome: {chromedriverVersion: 2.44.609545 (c2f88692e98ce7..., userDataDir: /var/folders/ty/3vsm8cdd1ss...}, cssSelectorsEnabled: true, databaseEnabled: false, goog:chromeOptions: {debuggerAddress: localhost:50956}, handlesAlerts: true, hasTouchScreen: false, javascriptEnabled: true, locationContextEnabled: true, mobileEmulationEnabled: false, nativeEvents: true, networkConnectionEnabled: false, pageLoadStrategy: normal, platform: MAC, platformName: MAC, rotatable: false, setWindowRect: true, takesHeapSnapshot: true, takesScreenshot: true, unexpectedAlertBehaviour: ignore, unhandledPromptBehavior: ignore, version: 70.0.3538.110, webStorageEnabled: true}
Session ID: b407e169aa36836ac9c9005c10ecc624]]>
            </message>
            <full-stacktrace>
              <![CDATA[org.openqa.selenium.TimeoutException: Expected condition failed: waiting for text ('Welcome to My Gene Counsel!') to be present in element [[ChromeDriver: chrome on MAC (b407e169aa36836ac9c9005c10ecc624)] -> xpath: //div[@class='login__title']] (tried for 10 second(s) with 500 milliseconds interval)
Build info: version: '3.14.0', revision: 'aacccce0', time: '2018-08-02T20:13:22.693Z'
System info: host: 'BTC-Mac.local', ip: 'fe80:0:0:0:c89:5fc8:6991:4664%en0', os.name: 'Mac OS X', os.arch: 'x86_64', os.version: '10.12.6', java.version: '1.8.0_101'
Driver info: org.openqa.selenium.chrome.ChromeDriver
Capabilities {acceptInsecureCerts: false, acceptSslCerts: false, applicationCacheEnabled: false, browserConnectionEnabled: false, browserName: chrome, chrome: {chromedriverVersion: 2.44.609545 (c2f88692e98ce7..., userDataDir: /var/folders/ty/3vsm8cdd1ss...}, cssSelectorsEnabled: true, databaseEnabled: false, goog:chromeOptions: {debuggerAddress: localhost:50956}, handlesAlerts: true, hasTouchScreen: false, javascriptEnabled: true, locationContextEnabled: true, mobileEmulationEnabled: false, nativeEvents: true, networkConnectionEnabled: false, pageLoadStrategy: normal, platform: MAC, platformName: MAC, rotatable: false, setWindowRect: true, takesHeapSnapshot: true, takesScreenshot: true, unexpectedAlertBehaviour: ignore, unhandledPromptBehavior: ignore, version: 70.0.3538.110, webStorageEnabled: true}
Session ID: b407e169aa36836ac9c9005c10ecc624
	at org.openqa.selenium.support.ui.WebDriverWait.timeoutException(WebDriverWait.java:113)
	at org.openqa.selenium.support.ui.FluentWait.until(FluentWait.java:283)
	at page.RegisterPage.waitForAccessCodePageLoad(RegisterPage.java:197)
	at script.Invalid_Email_TC2.invalidEmail(Invalid_Email_TC2.java:39)
	at sun.reflect.NativeMethodAccessorImpl.invoke0(Native Method)
	at sun.reflect.NativeMethodAccessorImpl.invoke(NativeMethodAccessorImpl.java:62)
	at sun.reflect.DelegatingMethodAccessorImpl.invoke(DelegatingMethodAccessorImpl.java:43)
	at java.lang.reflect.Method.invoke(Method.java:498)
	at org.testng.internal.MethodInvocationHelper.invokeMethod(MethodInvocationHelper.java:86)
	at org.testng.internal.Invoker.invokeMethod(Invoker.java:643)
	at org.testng.internal.Invoker.invokeTestMethod(Invoker.java:820)
	at org.testng.internal.Invoker.invokeTestMethods(Invoker.java:1128)
	at org.testng.internal.TestMethodWorker.invokeTestMethods(TestMethodWorker.java:129)
	at org.testng.internal.TestMethodWorker.run(TestMethodWorker.java:112)
	at org.testng.TestRunner.privateRun(TestRunner.java:782)
	at org.testng.TestRunner.run(TestRunner.java:632)
	at org.testng.SuiteRunner.runTest(SuiteRunner.java:366)
	at org.testng.SuiteRunner.runSequentially(SuiteRunner.java:361)
	at org.testng.SuiteRunner.privateRun(SuiteRunner.java:319)
	at org.testng.SuiteRunner.run(SuiteRunner.java:268)
	at org.testng.SuiteRunnerWorker.runSuite(SuiteRunnerWorker.java:52)
	at org.testng.SuiteRunnerWorker.run(SuiteRunnerWorker.java:86)
	at org.testng.TestNG.runSuitesSequentially(TestNG.java:1244)
	at org.testng.TestNG.runSuitesLocally(TestNG.java:1169)
	at org.testng.TestNG.run(TestNG.java:1064)
	at org.testng.remote.AbstractRemoteTestNG.run(AbstractRemoteTestNG.java:114)
	at org.testng.remote.RemoteTestNG.initAndRun(RemoteTestNG.java:251)
	at org.testng.remote.RemoteTestNG.main(RemoteTestNG.java:77)
]]>
            </full-stacktrace>
          </exception> <!-- org.openqa.selenium.TimeoutException -->
          <reporter-output>
            <line>
              <![CDATA[Test: invalidEmail is Fail]]>
            </line>
          </reporter-output>
        </test-method> <!-- invalidEmail -->
        <test-method status="PASS" signature="closeApp(org.testng.ITestResult)[pri:0, instance:script.Invalid_Email_TC2@28d25987]" name="closeApp" is-config="true" duration-ms="732" started-at="2018-12-12T03:08:18Z" finished-at="2018-12-12T03:08:19Z">
          <params>
            <param index="0">
              <value>
                <![CDATA[[TestResult name=invalidEmail status=FAILURE method=Invalid_Email_TC2.invalidEmail()[pri:2, instance:script.Invalid_Email_TC2@28d25987] output=Test: invalidEmail is Fail]]]>
              </value>
            </param>
          </params>
          <reporter-output>
            <line>
              <![CDATA[TestName: invalidEmail Status: Fail]]>
            </line>
            <line>
              <![CDATA[PHOTO: ./photo/Wed Dec 12 03_08_18 EST 2018.png]]>
            </line>
          </reporter-output>
        </test-method> <!-- closeApp -->
      </class> <!-- script.Invalid_Email_TC2 -->
      <class name="script.Valid_Email_TC1">
        <test-method status="PASS" signature="openApp(java.lang.String, java.lang.String)[pri:0, instance:script.Valid_Email_TC1@59fa1d9b]" name="openApp" is-config="true" duration-ms="12486" started-at="2018-12-12T03:06:42Z" finished-at="2018-12-12T03:06:54Z">
          <params>
            <param index="0">
              <value>
                <![CDATA[localhost]]>
              </value>
            </param>
            <param index="1">
              <value>
                <![CDATA[chrome]]>
              </value>
            </param>
          </params>
          <reporter-output>
          </reporter-output>
        </test-method> <!-- openApp -->
        <test-method status="FAIL" signature="validEmail()[pri:1, instance:script.Valid_Email_TC1@59fa1d9b]" name="validEmail" duration-ms="53480" started-at="2018-12-12T03:06:54Z" finished-at="2018-12-12T03:07:48Z">
          <exception class="org.openqa.selenium.NoSuchElementException">
            <message>
              <![CDATA[no such element: Unable to locate element: {"method":"xpath","selector":"//div[@class='pm-pay-details']"}
  (Session info: chrome=70.0.3538.110)
  (Driver info: chromedriver=2.44.609545 (c2f88692e98ce7233d2df7c724465ecacfe74df5),platform=Mac OS X 10.12.6 x86_64) (WARNING: The server did not provide any stacktrace information)
Command duration or timeout: 0 milliseconds
For documentation on this error, please visit: http://seleniumhq.org/exceptions/no_such_element.html
Build info: version: '3.14.0', revision: 'aacccce0', time: '2018-08-02T20:13:22.693Z'
System info: host: 'BTC-Mac.local', ip: 'fe80:0:0:0:c89:5fc8:6991:4664%en0', os.name: 'Mac OS X', os.arch: 'x86_64', os.version: '10.12.6', java.version: '1.8.0_101'
Driver info: org.openqa.selenium.chrome.ChromeDriver
Capabilities {acceptInsecureCerts: false, acceptSslCerts: false, applicationCacheEnabled: false, browserConnectionEnabled: false, browserName: chrome, chrome: {chromedriverVersion: 2.44.609545 (c2f88692e98ce7..., userDataDir: /var/folders/ty/3vsm8cdd1ss...}, cssSelectorsEnabled: true, databaseEnabled: false, goog:chromeOptions: {debuggerAddress: localhost:50587}, handlesAlerts: true, hasTouchScreen: false, javascriptEnabled: true, locationContextEnabled: true, mobileEmulationEnabled: false, nativeEvents: true, networkConnectionEnabled: false, pageLoadStrategy: normal, platform: MAC, platformName: MAC, rotatable: false, setWindowRect: true, takesHeapSnapshot: true, takesScreenshot: true, unexpectedAlertBehaviour: ignore, unhandledPromptBehavior: ignore, version: 70.0.3538.110, webStorageEnabled: true}
Session ID: a57a6478bf7e4cf6351c479618165277
*** Element info: {Using=xpath, value=//div[@class='pm-pay-details']}]]>
            </message>
            <full-stacktrace>
              <![CDATA[org.openqa.selenium.NoSuchElementException: no such element: Unable to locate element: {"method":"xpath","selector":"//div[@class='pm-pay-details']"}
  (Session info: chrome=70.0.3538.110)
  (Driver info: chromedriver=2.44.609545 (c2f88692e98ce7233d2df7c724465ecacfe74df5),platform=Mac OS X 10.12.6 x86_64) (WARNING: The server did not provide any stacktrace information)
Command duration or timeout: 0 milliseconds
For documentation on this error, please visit: http://seleniumhq.org/exceptions/no_such_element.html
Build info: version: '3.14.0', revision: 'aacccce0', time: '2018-08-02T20:13:22.693Z'
System info: host: 'BTC-Mac.local', ip: 'fe80:0:0:0:c89:5fc8:6991:4664%en0', os.name: 'Mac OS X', os.arch: 'x86_64', os.version: '10.12.6', java.version: '1.8.0_101'
Driver info: org.openqa.selenium.chrome.ChromeDriver
Capabilities {acceptInsecureCerts: false, acceptSslCerts: false, applicationCacheEnabled: false, browserConnectionEnabled: false, browserName: chrome, chrome: {chromedriverVersion: 2.44.609545 (c2f88692e98ce7..., userDataDir: /var/folders/ty/3vsm8cdd1ss...}, cssSelectorsEnabled: true, databaseEnabled: false, goog:chromeOptions: {debuggerAddress: localhost:50587}, handlesAlerts: true, hasTouchScreen: false, javascriptEnabled: true, locationContextEnabled: true, mobileEmulationEnabled: false, nativeEvents: true, networkConnectionEnabled: false, pageLoadStrategy: normal, platform: MAC, platformName: MAC, rotatable: false, setWindowRect: true, takesHeapSnapshot: true, takesScreenshot: true, unexpectedAlertBehaviour: ignore, unhandledPromptBehavior: ignore, version: 70.0.3538.110, webStorageEnabled: true}
Session ID: a57a6478bf7e4cf6351c479618165277
*** Element info: {Using=xpath, value=//div[@class='pm-pay-details']}
	at sun.reflect.NativeConstructorAccessorImpl.newInstance0(Native Method)
	at sun.reflect.NativeConstructorAccessorImpl.newInstance(NativeConstructorAccessorImpl.java:62)
	at sun.reflect.DelegatingConstructorAccessorImpl.newInstance(DelegatingConstructorAccessorImpl.java:45)
	at java.lang.reflect.Constructor.newInstance(Constructor.java:423)
	at org.openqa.selenium.remote.ErrorHandler.createThrowable(ErrorHandler.java:214)
	at org.openqa.selenium.remote.ErrorHandler.throwIfResponseFailed(ErrorHandler.java:166)
	at org.openqa.selenium.remote.http.JsonHttpResponseCodec.reconstructValue(JsonHttpResponseCodec.java:40)
	at org.openqa.selenium.remote.http.AbstractHttpResponseCodec.decode(AbstractHttpResponseCodec.java:80)
	at org.openqa.selenium.remote.http.AbstractHttpResponseCodec.decode(AbstractHttpResponseCodec.java:44)
	at org.openqa.selenium.remote.HttpCommandExecutor.execute(HttpCommandExecutor.java:158)
	at org.openqa.selenium.remote.service.DriverCommandExecutor.execute(DriverCommandExecutor.java:83)
	at org.openqa.selenium.remote.RemoteWebDriver.execute(RemoteWebDriver.java:548)
	at org.openqa.selenium.remote.RemoteWebDriver.findElement(RemoteWebDriver.java:322)
	at org.openqa.selenium.remote.RemoteWebDriver.findElementByXPath(RemoteWebDriver.java:424)
	at org.openqa.selenium.By$ByXPath.findElement(By.java:353)
	at org.openqa.selenium.remote.RemoteWebDriver.findElement(RemoteWebDriver.java:314)
	at org.openqa.selenium.support.pagefactory.DefaultElementLocator.findElement(DefaultElementLocator.java:69)
	at org.openqa.selenium.support.pagefactory.internal.LocatingElementHandler.invoke(LocatingElementHandler.java:38)
	at com.sun.proxy.$Proxy12.isDisplayed(Unknown Source)
	at page.PaymentPage.checkPaymentSection(PaymentPage.java:121)
	at script.Valid_Email_TC1.validEmail(Valid_Email_TC1.java:50)
	at sun.reflect.NativeMethodAccessorImpl.invoke0(Native Method)
	at sun.reflect.NativeMethodAccessorImpl.invoke(NativeMethodAccessorImpl.java:62)
	at sun.reflect.DelegatingMethodAccessorImpl.invoke(DelegatingMethodAccessorImpl.java:43)
	at java.lang.reflect.Method.invoke(Method.java:498)
	at org.testng.internal.MethodInvocationHelper.invokeMethod(MethodInvocationHelper.java:86)
	at org.testng.internal.Invoker.invokeMethod(Invoker.java:643)
	at org.testng.internal.Invoker.invokeTestMethod(Invoker.java:820)
	at org.testng.internal.Invoker.invokeTestMethods(Invoker.java:1128)
	at org.testng.internal.TestMethodWorker.invokeTestMethods(TestMethodWorker.java:129)
	at org.testng.internal.TestMethodWorker.run(TestMethodWorker.java:112)
	at org.testng.TestRunner.privateRun(TestRunner.java:782)
	at org.testng.TestRunner.run(TestRunner.java:632)
	at org.testng.SuiteRunner.runTest(SuiteRunner.java:366)
	at org.testng.SuiteRunner.runSequentially(SuiteRunner.java:361)
	at org.testng.SuiteRunner.privateRun(SuiteRunner.java:319)
	at org.testng.SuiteRunner.run(SuiteRunner.java:268)
	at org.testng.SuiteRunnerWorker.runSuite(SuiteRunnerWorker.java:52)
	at org.testng.SuiteRunnerWorker.run(SuiteRunnerWorker.java:86)
	at org.testng.TestNG.runSuitesSequentially(TestNG.java:1244)
	at org.testng.TestNG.runSuitesLocally(TestNG.java:1169)
	at org.testng.TestNG.run(TestNG.java:1064)
	at org.testng.remote.AbstractRemoteTestNG.run(AbstractRemoteTestNG.java:114)
	at org.testng.remote.RemoteTestNG.initAndRun(RemoteTestNG.java:251)
	at org.testng.remote.RemoteTestNG.main(RemoteTestNG.java:77)
]]>
            </full-stacktrace>
          </exception> <!-- org.openqa.selenium.NoSuchElementException -->
          <reporter-output>
            <line>
              <![CDATA[Access Code Page is Displayed.]]>
            </line>
            <line>
              <![CDATA[Test: validEmail is Fail]]>
            </line>
          </reporter-output>
        </test-method> <!-- validEmail -->
        <test-method status="PASS" signature="closeApp(org.testng.ITestResult)[pri:0, instance:script.Valid_Email_TC1@59fa1d9b]" name="closeApp" is-config="true" duration-ms="914" started-at="2018-12-12T03:07:48Z" finished-at="2018-12-12T03:07:49Z">
          <params>
            <param index="0">
              <value>
                <![CDATA[[TestResult name=validEmail status=FAILURE method=Valid_Email_TC1.validEmail()[pri:1, instance:script.Valid_Email_TC1@59fa1d9b] output=Access Code Page is Displayed.]]]>
              </value>
            </param>
          </params>
          <reporter-output>
            <line>
              <![CDATA[TestName: validEmail Status: Fail]]>
            </line>
            <line>
              <![CDATA[PHOTO: ./photo/Wed Dec 12 03_07_48 EST 2018.png]]>
            </line>
          </reporter-output>
        </test-method> <!-- closeApp -->
      </class> <!-- script.Valid_Email_TC1 -->
      <class name="script.RegisterAfterSignout_TC3">
        <test-method status="PASS" signature="openApp(java.lang.String, java.lang.String)[pri:0, instance:script.RegisterAfterSignout_TC3@4501b7af]" name="openApp" is-config="true" duration-ms="6789" started-at="2018-12-12T03:08:19Z" finished-at="2018-12-12T03:08:25Z">
          <params>
            <param index="0">
              <value>
                <![CDATA[localhost]]>
              </value>
            </param>
            <param index="1">
              <value>
                <![CDATA[chrome]]>
              </value>
            </param>
          </params>
          <reporter-output>
          </reporter-output>
        </test-method> <!-- openApp -->
        <test-method status="FAIL" signature="regAfterSignOut()[pri:3, instance:script.RegisterAfterSignout_TC3@4501b7af]" name="regAfterSignOut" duration-ms="12335" started-at="2018-12-12T03:08:25Z" finished-at="2018-12-12T03:08:38Z">
          <exception class="org.openqa.selenium.TimeoutException">
            <message>
              <![CDATA[Expected condition failed: waiting for text ('Welcome to My Gene Counsel!') to be present in element [[ChromeDriver: chrome on MAC (25ac5094f8e0571f4144f8b779819794)] -> xpath: //div[@class='login__title']] (tried for 10 second(s) with 500 milliseconds interval)
Build info: version: '3.14.0', revision: 'aacccce0', time: '2018-08-02T20:13:22.693Z'
System info: host: 'BTC-Mac.local', ip: 'fe80:0:0:0:c89:5fc8:6991:4664%en0', os.name: 'Mac OS X', os.arch: 'x86_64', os.version: '10.12.6', java.version: '1.8.0_101'
Driver info: org.openqa.selenium.chrome.ChromeDriver
Capabilities {acceptInsecureCerts: false, acceptSslCerts: false, applicationCacheEnabled: false, browserConnectionEnabled: false, browserName: chrome, chrome: {chromedriverVersion: 2.44.609545 (c2f88692e98ce7..., userDataDir: /var/folders/ty/3vsm8cdd1ss...}, cssSelectorsEnabled: true, databaseEnabled: false, goog:chromeOptions: {debuggerAddress: localhost:51146}, handlesAlerts: true, hasTouchScreen: false, javascriptEnabled: true, locationContextEnabled: true, mobileEmulationEnabled: false, nativeEvents: true, networkConnectionEnabled: false, pageLoadStrategy: normal, platform: MAC, platformName: MAC, rotatable: false, setWindowRect: true, takesHeapSnapshot: true, takesScreenshot: true, unexpectedAlertBehaviour: ignore, unhandledPromptBehavior: ignore, version: 70.0.3538.110, webStorageEnabled: true}
Session ID: 25ac5094f8e0571f4144f8b779819794]]>
            </message>
            <full-stacktrace>
              <![CDATA[org.openqa.selenium.TimeoutException: Expected condition failed: waiting for text ('Welcome to My Gene Counsel!') to be present in element [[ChromeDriver: chrome on MAC (25ac5094f8e0571f4144f8b779819794)] -> xpath: //div[@class='login__title']] (tried for 10 second(s) with 500 milliseconds interval)
Build info: version: '3.14.0', revision: 'aacccce0', time: '2018-08-02T20:13:22.693Z'
System info: host: 'BTC-Mac.local', ip: 'fe80:0:0:0:c89:5fc8:6991:4664%en0', os.name: 'Mac OS X', os.arch: 'x86_64', os.version: '10.12.6', java.version: '1.8.0_101'
Driver info: org.openqa.selenium.chrome.ChromeDriver
Capabilities {acceptInsecureCerts: false, acceptSslCerts: false, applicationCacheEnabled: false, browserConnectionEnabled: false, browserName: chrome, chrome: {chromedriverVersion: 2.44.609545 (c2f88692e98ce7..., userDataDir: /var/folders/ty/3vsm8cdd1ss...}, cssSelectorsEnabled: true, databaseEnabled: false, goog:chromeOptions: {debuggerAddress: localhost:51146}, handlesAlerts: true, hasTouchScreen: false, javascriptEnabled: true, locationContextEnabled: true, mobileEmulationEnabled: false, nativeEvents: true, networkConnectionEnabled: false, pageLoadStrategy: normal, platform: MAC, platformName: MAC, rotatable: false, setWindowRect: true, takesHeapSnapshot: true, takesScreenshot: true, unexpectedAlertBehaviour: ignore, unhandledPromptBehavior: ignore, version: 70.0.3538.110, webStorageEnabled: true}
Session ID: 25ac5094f8e0571f4144f8b779819794
	at org.openqa.selenium.support.ui.WebDriverWait.timeoutException(WebDriverWait.java:113)
	at org.openqa.selenium.support.ui.FluentWait.until(FluentWait.java:283)
	at page.RegisterPage.waitForAccessCodePageLoad(RegisterPage.java:197)
	at script.RegisterAfterSignout_TC3.regAfterSignOut(RegisterAfterSignout_TC3.java:31)
	at sun.reflect.NativeMethodAccessorImpl.invoke0(Native Method)
	at sun.reflect.NativeMethodAccessorImpl.invoke(NativeMethodAccessorImpl.java:62)
	at sun.reflect.DelegatingMethodAccessorImpl.invoke(DelegatingMethodAccessorImpl.java:43)
	at java.lang.reflect.Method.invoke(Method.java:498)
	at org.testng.internal.MethodInvocationHelper.invokeMethod(MethodInvocationHelper.java:86)
	at org.testng.internal.Invoker.invokeMethod(Invoker.java:643)
	at org.testng.internal.Invoker.invokeTestMethod(Invoker.java:820)
	at org.testng.internal.Invoker.invokeTestMethods(Invoker.java:1128)
	at org.testng.internal.TestMethodWorker.invokeTestMethods(TestMethodWorker.java:129)
	at org.testng.internal.TestMethodWorker.run(TestMethodWorker.java:112)
	at org.testng.TestRunner.privateRun(TestRunner.java:782)
	at org.testng.TestRunner.run(TestRunner.java:632)
	at org.testng.SuiteRunner.runTest(SuiteRunner.java:366)
	at org.testng.SuiteRunner.runSequentially(SuiteRunner.java:361)
	at org.testng.SuiteRunner.privateRun(SuiteRunner.java:319)
	at org.testng.SuiteRunner.run(SuiteRunner.java:268)
	at org.testng.SuiteRunnerWorker.runSuite(SuiteRunnerWorker.java:52)
	at org.testng.SuiteRunnerWorker.run(SuiteRunnerWorker.java:86)
	at org.testng.TestNG.runSuitesSequentially(TestNG.java:1244)
	at org.testng.TestNG.runSuitesLocally(TestNG.java:1169)
	at org.testng.TestNG.run(TestNG.java:1064)
	at org.testng.remote.AbstractRemoteTestNG.run(AbstractRemoteTestNG.java:114)
	at org.testng.remote.RemoteTestNG.initAndRun(RemoteTestNG.java:251)
	at org.testng.remote.RemoteTestNG.main(RemoteTestNG.java:77)
]]>
            </full-stacktrace>
          </exception> <!-- org.openqa.selenium.TimeoutException -->
          <reporter-output>
            <line>
              <![CDATA[Test: regAfterSignOut is Fail]]>
            </line>
          </reporter-output>
        </test-method> <!-- regAfterSignOut -->
        <test-method status="PASS" signature="closeApp(org.testng.ITestResult)[pri:0, instance:script.RegisterAfterSignout_TC3@4501b7af]" name="closeApp" is-config="true" duration-ms="670" started-at="2018-12-12T03:08:38Z" finished-at="2018-12-12T03:08:38Z">
          <params>
            <param index="0">
              <value>
                <![CDATA[[TestResult name=regAfterSignOut status=FAILURE method=RegisterAfterSignout_TC3.regAfterSignOut()[pri:3, instance:script.RegisterAfterSignout_TC3@4501b7af] output=Test: regAfterSignOut is Fail]]]>
              </value>
            </param>
          </params>
          <reporter-output>
            <line>
              <![CDATA[TestName: regAfterSignOut Status: Fail]]>
            </line>
            <line>
              <![CDATA[PHOTO: ./photo/Wed Dec 12 03_08_38 EST 2018.png]]>
            </line>
          </reporter-output>
        </test-method> <!-- closeApp -->
      </class> <!-- script.RegisterAfterSignout_TC3 -->
      <class name="script.Create_LLR_Request_TC9">
        <test-method status="PASS" signature="openApp(java.lang.String, java.lang.String)[pri:0, instance:script.Create_LLR_Request_TC9@26653222]" name="openApp" is-config="true" duration-ms="7872" started-at="2018-12-12T03:13:36Z" finished-at="2018-12-12T03:13:44Z">
          <params>
            <param index="0">
              <value>
                <![CDATA[localhost]]>
              </value>
            </param>
            <param index="1">
              <value>
                <![CDATA[chrome]]>
              </value>
            </param>
          </params>
          <reporter-output>
          </reporter-output>
        </test-method> <!-- openApp -->
        <test-method status="FAIL" signature="create_LLR_Request()[pri:9, instance:script.Create_LLR_Request_TC9@26653222]" name="create_LLR_Request" duration-ms="14149" started-at="2018-12-12T03:13:44Z" finished-at="2018-12-12T03:13:58Z">
          <exception class="org.openqa.selenium.WebDriverException">
            <message>
              <![CDATA[unknown error: Element <select class="form-control" required="required" id="geneTestType0" name="llrRequestTestResultList[0].geneName" index="0" onchange="setValues(this);">...</select> is not clickable at point (369, 557). Other element would receive the click: <div class="col-md-6">...</div>
  (Session info: chrome=70.0.3538.110)
  (Driver info: chromedriver=2.44.609545 (c2f88692e98ce7233d2df7c724465ecacfe74df5),platform=Mac OS X 10.12.6 x86_64) (WARNING: The server did not provide any stacktrace information)
Command duration or timeout: 0 milliseconds
Build info: version: '3.14.0', revision: 'aacccce0', time: '2018-08-02T20:13:22.693Z'
System info: host: 'BTC-Mac.local', ip: 'fe80:0:0:0:c89:5fc8:6991:4664%en0', os.name: 'Mac OS X', os.arch: 'x86_64', os.version: '10.12.6', java.version: '1.8.0_101'
Driver info: org.openqa.selenium.chrome.ChromeDriver
Capabilities {acceptInsecureCerts: false, acceptSslCerts: false, applicationCacheEnabled: false, browserConnectionEnabled: false, browserName: chrome, chrome: {chromedriverVersion: 2.44.609545 (c2f88692e98ce7..., userDataDir: /var/folders/ty/3vsm8cdd1ss...}, cssSelectorsEnabled: true, databaseEnabled: false, goog:chromeOptions: {debuggerAddress: localhost:53156}, handlesAlerts: true, hasTouchScreen: false, javascriptEnabled: true, locationContextEnabled: true, mobileEmulationEnabled: false, nativeEvents: true, networkConnectionEnabled: false, pageLoadStrategy: normal, platform: MAC, platformName: MAC, rotatable: false, setWindowRect: true, takesHeapSnapshot: true, takesScreenshot: true, unexpectedAlertBehaviour: ignore, unhandledPromptBehavior: ignore, version: 70.0.3538.110, webStorageEnabled: true}
Session ID: c63557c61885d67e3e38f95de676d634]]>
            </message>
            <full-stacktrace>
              <![CDATA[org.openqa.selenium.WebDriverException: unknown error: Element <select class="form-control" required="required" id="geneTestType0" name="llrRequestTestResultList[0].geneName" index="0" onchange="setValues(this);">...</select> is not clickable at point (369, 557). Other element would receive the click: <div class="col-md-6">...</div>
  (Session info: chrome=70.0.3538.110)
  (Driver info: chromedriver=2.44.609545 (c2f88692e98ce7233d2df7c724465ecacfe74df5),platform=Mac OS X 10.12.6 x86_64) (WARNING: The server did not provide any stacktrace information)
Command duration or timeout: 0 milliseconds
Build info: version: '3.14.0', revision: 'aacccce0', time: '2018-08-02T20:13:22.693Z'
System info: host: 'BTC-Mac.local', ip: 'fe80:0:0:0:c89:5fc8:6991:4664%en0', os.name: 'Mac OS X', os.arch: 'x86_64', os.version: '10.12.6', java.version: '1.8.0_101'
Driver info: org.openqa.selenium.chrome.ChromeDriver
Capabilities {acceptInsecureCerts: false, acceptSslCerts: false, applicationCacheEnabled: false, browserConnectionEnabled: false, browserName: chrome, chrome: {chromedriverVersion: 2.44.609545 (c2f88692e98ce7..., userDataDir: /var/folders/ty/3vsm8cdd1ss...}, cssSelectorsEnabled: true, databaseEnabled: false, goog:chromeOptions: {debuggerAddress: localhost:53156}, handlesAlerts: true, hasTouchScreen: false, javascriptEnabled: true, locationContextEnabled: true, mobileEmulationEnabled: false, nativeEvents: true, networkConnectionEnabled: false, pageLoadStrategy: normal, platform: MAC, platformName: MAC, rotatable: false, setWindowRect: true, takesHeapSnapshot: true, takesScreenshot: true, unexpectedAlertBehaviour: ignore, unhandledPromptBehavior: ignore, version: 70.0.3538.110, webStorageEnabled: true}
Session ID: c63557c61885d67e3e38f95de676d634
	at sun.reflect.NativeConstructorAccessorImpl.newInstance0(Native Method)
	at sun.reflect.NativeConstructorAccessorImpl.newInstance(NativeConstructorAccessorImpl.java:62)
	at sun.reflect.DelegatingConstructorAccessorImpl.newInstance(DelegatingConstructorAccessorImpl.java:45)
	at java.lang.reflect.Constructor.newInstance(Constructor.java:423)
	at org.openqa.selenium.remote.ErrorHandler.createThrowable(ErrorHandler.java:214)
	at org.openqa.selenium.remote.ErrorHandler.throwIfResponseFailed(ErrorHandler.java:166)
	at org.openqa.selenium.remote.http.JsonHttpResponseCodec.reconstructValue(JsonHttpResponseCodec.java:40)
	at org.openqa.selenium.remote.http.AbstractHttpResponseCodec.decode(AbstractHttpResponseCodec.java:80)
	at org.openqa.selenium.remote.http.AbstractHttpResponseCodec.decode(AbstractHttpResponseCodec.java:44)
	at org.openqa.selenium.remote.HttpCommandExecutor.execute(HttpCommandExecutor.java:158)
	at org.openqa.selenium.remote.service.DriverCommandExecutor.execute(DriverCommandExecutor.java:83)
	at org.openqa.selenium.remote.RemoteWebDriver.execute(RemoteWebDriver.java:548)
	at org.openqa.selenium.remote.RemoteWebElement.execute(RemoteWebElement.java:276)
	at org.openqa.selenium.remote.RemoteWebElement.click(RemoteWebElement.java:83)
	at sun.reflect.GeneratedMethodAccessor5.invoke(Unknown Source)
	at sun.reflect.DelegatingMethodAccessorImpl.invoke(DelegatingMethodAccessorImpl.java:43)
	at java.lang.reflect.Method.invoke(Method.java:498)
	at org.openqa.selenium.support.pagefactory.internal.LocatingElementHandler.invoke(LocatingElementHandler.java:51)
	at com.sun.proxy.$Proxy12.click(Unknown Source)
	at page.LLR_RequestPage.selectgeneTestType(LLR_RequestPage.java:179)
	at script.Create_LLR_Request_TC9.create_LLR_Request(Create_LLR_Request_TC9.java:47)
	at sun.reflect.NativeMethodAccessorImpl.invoke0(Native Method)
	at sun.reflect.NativeMethodAccessorImpl.invoke(NativeMethodAccessorImpl.java:62)
	at sun.reflect.DelegatingMethodAccessorImpl.invoke(DelegatingMethodAccessorImpl.java:43)
	at java.lang.reflect.Method.invoke(Method.java:498)
	at org.testng.internal.MethodInvocationHelper.invokeMethod(MethodInvocationHelper.java:86)
	at org.testng.internal.Invoker.invokeMethod(Invoker.java:643)
	at org.testng.internal.Invoker.invokeTestMethod(Invoker.java:820)
	at org.testng.internal.Invoker.invokeTestMethods(Invoker.java:1128)
	at org.testng.internal.TestMethodWorker.invokeTestMethods(TestMethodWorker.java:129)
	at org.testng.internal.TestMethodWorker.run(TestMethodWorker.java:112)
	at org.testng.TestRunner.privateRun(TestRunner.java:782)
	at org.testng.TestRunner.run(TestRunner.java:632)
	at org.testng.SuiteRunner.runTest(SuiteRunner.java:366)
	at org.testng.SuiteRunner.runSequentially(SuiteRunner.java:361)
	at org.testng.SuiteRunner.privateRun(SuiteRunner.java:319)
	at org.testng.SuiteRunner.run(SuiteRunner.java:268)
	at org.testng.SuiteRunnerWorker.runSuite(SuiteRunnerWorker.java:52)
	at org.testng.SuiteRunnerWorker.run(SuiteRunnerWorker.java:86)
	at org.testng.TestNG.runSuitesSequentially(TestNG.java:1244)
	at org.testng.TestNG.runSuitesLocally(TestNG.java:1169)
	at org.testng.TestNG.run(TestNG.java:1064)
	at org.testng.remote.AbstractRemoteTestNG.run(AbstractRemoteTestNG.java:114)
	at org.testng.remote.RemoteTestNG.initAndRun(RemoteTestNG.java:251)
	at org.testng.remote.RemoteTestNG.main(RemoteTestNG.java:77)
]]>
            </full-stacktrace>
          </exception> <!-- org.openqa.selenium.WebDriverException -->
          <reporter-output>
            <line>
              <![CDATA[Test: create_LLR_Request is Fail]]>
            </line>
          </reporter-output>
        </test-method> <!-- create_LLR_Request -->
        <test-method status="PASS" signature="closeApp(org.testng.ITestResult)[pri:0, instance:script.Create_LLR_Request_TC9@26653222]" name="closeApp" is-config="true" duration-ms="674" started-at="2018-12-12T03:13:58Z" finished-at="2018-12-12T03:13:59Z">
          <params>
            <param index="0">
              <value>
                <![CDATA[[TestResult name=create_LLR_Request status=FAILURE method=Create_LLR_Request_TC9.create_LLR_Request()[pri:9, instance:script.Create_LLR_Request_TC9@26653222] output=Test: create_LLR_Request is Fail]]]>
              </value>
            </param>
          </params>
          <reporter-output>
            <line>
              <![CDATA[TestName: create_LLR_Request Status: Fail]]>
            </line>
            <line>
              <![CDATA[PHOTO: ./photo/Wed Dec 12 03_13_58 EST 2018.png]]>
            </line>
          </reporter-output>
        </test-method> <!-- closeApp -->
      </class> <!-- script.Create_LLR_Request_TC9 -->
      <class name="script.View_LLR_List_TC13">
        <test-method status="PASS" signature="openApp(java.lang.String, java.lang.String)[pri:0, instance:script.View_LLR_List_TC13@59f99ea]" name="openApp" is-config="true" duration-ms="13430" started-at="2018-12-12T03:17:54Z" finished-at="2018-12-12T03:18:07Z">
          <params>
            <param index="0">
              <value>
                <![CDATA[localhost]]>
              </value>
            </param>
            <param index="1">
              <value>
                <![CDATA[chrome]]>
              </value>
            </param>
          </params>
          <reporter-output>
          </reporter-output>
        </test-method> <!-- openApp -->
        <test-method status="PASS" signature="view_LLR_List()[pri:13, instance:script.View_LLR_List_TC13@59f99ea]" name="view_LLR_List" duration-ms="14328" started-at="2018-12-12T03:18:07Z" finished-at="2018-12-12T03:18:22Z">
          <reporter-output>
            <line>
              <![CDATA[LLR Request List Page is displayed.]]>
            </line>
            <line>
              <![CDATA[The Report is not editable.]]>
            </line>
            <line>
              <![CDATA[Test: view_LLR_List is Pass]]>
            </line>
          </reporter-output>
        </test-method> <!-- view_LLR_List -->
        <test-method status="PASS" signature="closeApp(org.testng.ITestResult)[pri:0, instance:script.View_LLR_List_TC13@59f99ea]" name="closeApp" is-config="true" duration-ms="210" started-at="2018-12-12T03:18:22Z" finished-at="2018-12-12T03:18:22Z">
          <params>
            <param index="0">
              <value>
                <![CDATA[[TestResult name=view_LLR_List status=SUCCESS method=View_LLR_List_TC13.view_LLR_List()[pri:13, instance:script.View_LLR_List_TC13@59f99ea] output=LLR Request List Page is displayed.]]]>
              </value>
            </param>
          </params>
          <reporter-output>
            <line>
              <![CDATA[TestName: view_LLR_List Status: Pass]]>
            </line>
          </reporter-output>
        </test-method> <!-- closeApp -->
      </class> <!-- script.View_LLR_List_TC13 -->
      <class name="script.PaymentWithPaypal_TC8">
        <test-method status="PASS" signature="openApp(java.lang.String, java.lang.String)[pri:0, instance:script.PaymentWithPaypal_TC8@3ffc5af1]" name="openApp" is-config="true" duration-ms="7185" started-at="2018-12-12T03:10:07Z" finished-at="2018-12-12T03:10:14Z">
          <params>
            <param index="0">
              <value>
                <![CDATA[localhost]]>
              </value>
            </param>
            <param index="1">
              <value>
                <![CDATA[chrome]]>
              </value>
            </param>
          </params>
          <reporter-output>
          </reporter-output>
        </test-method> <!-- openApp -->
        <test-method status="PASS" signature="paymentWithPaypal()[pri:8, instance:script.PaymentWithPaypal_TC8@3ffc5af1]" name="paymentWithPaypal" duration-ms="158396" started-at="2018-12-12T03:10:14Z" finished-at="2018-12-12T03:12:52Z">
          <reporter-output>
            <line>
              <![CDATA[Payment Section is displayed.]]>
            </line>
            <line>
              <![CDATA[Both prices are equal.]]>
            </line>
            <line>
              <![CDATA[Payment Section is displayed.]]>
            </line>
            <line>
              <![CDATA[Total amount and payable amount are same.]]>
            </line>
            <line>
              <![CDATA[Payment is confirmed and in request creation page.]]>
            </line>
            <line>
              <![CDATA[Test: paymentWithPaypal is Pass]]>
            </line>
          </reporter-output>
        </test-method> <!-- paymentWithPaypal -->
        <test-method status="PASS" signature="closeApp(org.testng.ITestResult)[pri:0, instance:script.PaymentWithPaypal_TC8@3ffc5af1]" name="closeApp" is-config="true" duration-ms="455" started-at="2018-12-12T03:12:52Z" finished-at="2018-12-12T03:12:53Z">
          <params>
            <param index="0">
              <value>
                <![CDATA[[TestResult name=paymentWithPaypal status=SUCCESS method=PaymentWithPaypal_TC8.paymentWithPaypal()[pri:8, instance:script.PaymentWithPaypal_TC8@3ffc5af1] output=Payment Section is displayed.]]]>
              </value>
            </param>
          </params>
          <reporter-output>
            <line>
              <![CDATA[TestName: paymentWithPaypal Status: Pass]]>
            </line>
          </reporter-output>
        </test-method> <!-- closeApp -->
      </class> <!-- script.PaymentWithPaypal_TC8 -->
      <class name="script.Create_LLR_Request_PNG_TC11">
        <test-method status="PASS" signature="openApp(java.lang.String, java.lang.String)[pri:0, instance:script.Create_LLR_Request_PNG_TC11@68c4039c]" name="openApp" is-config="true" duration-ms="9152" started-at="2018-12-12T03:15:00Z" finished-at="2018-12-12T03:15:09Z">
          <params>
            <param index="0">
              <value>
                <![CDATA[localhost]]>
              </value>
            </param>
            <param index="1">
              <value>
                <![CDATA[chrome]]>
              </value>
            </param>
          </params>
          <reporter-output>
          </reporter-output>
        </test-method> <!-- openApp -->
        <test-method status="PASS" signature="create_LLR_png()[pri:11, instance:script.Create_LLR_Request_PNG_TC11@68c4039c]" name="create_LLR_png" duration-ms="67697" started-at="2018-12-12T03:15:09Z" finished-at="2018-12-12T03:16:17Z">
          <reporter-output>
            <line>
              <![CDATA[LLR Request List Page is displayed.]]>
            </line>
            <line>
              <![CDATA[Test: create_LLR_png is Pass]]>
            </line>
          </reporter-output>
        </test-method> <!-- create_LLR_png -->
        <test-method status="PASS" signature="closeApp(org.testng.ITestResult)[pri:0, instance:script.Create_LLR_Request_PNG_TC11@68c4039c]" name="closeApp" is-config="true" duration-ms="395" started-at="2018-12-12T03:16:17Z" finished-at="2018-12-12T03:16:17Z">
          <params>
            <param index="0">
              <value>
                <![CDATA[[TestResult name=create_LLR_png status=SUCCESS method=Create_LLR_Request_PNG_TC11.create_LLR_png()[pri:11, instance:script.Create_LLR_Request_PNG_TC11@68c4039c] output=LLR Request List Page is displayed.]]]>
              </value>
            </param>
          </params>
          <reporter-output>
            <line>
              <![CDATA[TestName: create_LLR_png Status: Pass]]>
            </line>
          </reporter-output>
        </test-method> <!-- closeApp -->
      </class> <!-- script.Create_LLR_Request_PNG_TC11 -->
      <class name="script.CMS_Auto">
        <test-method status="PASS" signature="openApp(java.lang.String, java.lang.String)[pri:0, instance:script.CMS_Auto@5e5792a0]" name="openApp" is-config="true" duration-ms="6872" started-at="2018-12-12T03:12:53Z" finished-at="2018-12-12T03:12:59Z">
          <params>
            <param index="0">
              <value>
                <![CDATA[localhost]]>
              </value>
            </param>
            <param index="1">
              <value>
                <![CDATA[chrome]]>
              </value>
            </param>
          </params>
          <reporter-output>
          </reporter-output>
        </test-method> <!-- openApp -->
        <test-method status="PASS" signature="creationOfDDM()[pri:0, instance:script.CMS_Auto@5e5792a0]" name="creationOfDDM" duration-ms="36304" started-at="2018-12-12T03:12:59Z" finished-at="2018-12-12T03:13:36Z">
          <reporter-output>
            <line>
              <![CDATA[Test: creationOfDDM is Pass]]>
            </line>
          </reporter-output>
        </test-method> <!-- creationOfDDM -->
        <test-method status="PASS" signature="closeApp(org.testng.ITestResult)[pri:0, instance:script.CMS_Auto@5e5792a0]" name="closeApp" is-config="true" duration-ms="218" started-at="2018-12-12T03:13:36Z" finished-at="2018-12-12T03:13:36Z">
          <params>
            <param index="0">
              <value>
                <![CDATA[[TestResult name=creationOfDDM status=SUCCESS method=CMS_Auto.creationOfDDM()[pri:0, instance:script.CMS_Auto@5e5792a0] output=Test: creationOfDDM is Pass]]]>
              </value>
            </param>
          </params>
          <reporter-output>
            <line>
              <![CDATA[TestName: creationOfDDM Status: Pass]]>
            </line>
          </reporter-output>
        </test-method> <!-- closeApp -->
      </class> <!-- script.CMS_Auto -->
    </test> <!-- Test -->
  </suite> <!-- Suite -->
</testng-results>
