<?xml version="1.0" encoding="UTF-8"?>
<testng-results skipped="0" failed="0" total="1" passed="1">
  <reporter-output>
    <line>
      <![CDATA[Payment Section is displayed.]]>
    </line>
    <line>
      <![CDATA[Both prices are equal.]]>
    </line>
    <line>
      <![CDATA[Payment Section is displayed.]]>
    </line>
    <line>
      <![CDATA[Total amount and payable amount are same.]]>
    </line>
    <line>
      <![CDATA[Payment is confirmed and in request creation page.]]>
    </line>
    <line>
      <![CDATA[Test: testA is Pass]]>
    </line>
    <line>
      <![CDATA[TestName: testA Status: Pass]]>
    </line>
  </reporter-output>
  <suite name="Default suite" duration-ms="168842" started-at="2018-12-10T14:29:53Z" finished-at="2018-12-10T14:32:42Z">
    <groups>
    </groups>
    <test name="Default test" duration-ms="168842" started-at="2018-12-10T14:29:53Z" finished-at="2018-12-10T14:32:42Z">
      <class name="script.PaymentWithPaypal_TC8">
        <test-method status="PASS" signature="openApp(java.lang.String, java.lang.String)[pri:0, instance:script.PaymentWithPaypal_TC8@cc285f4]" name="openApp" is-config="true" duration-ms="14512" started-at="2018-12-10T09:29:53Z" finished-at="2018-12-10T09:30:08Z">
          <params>
            <param index="0">
              <value>
                <![CDATA[localhost]]>
              </value>
            </param>
            <param index="1">
              <value>
                <![CDATA[chrome]]>
              </value>
            </param>
          </params>
          <reporter-output>
          </reporter-output>
        </test-method> <!-- openApp -->
        <test-method status="PASS" signature="testA()[pri:0, instance:script.PaymentWithPaypal_TC8@cc285f4]" name="testA" duration-ms="153924" started-at="2018-12-10T09:30:08Z" finished-at="2018-12-10T09:32:42Z">
          <reporter-output>
            <line>
              <![CDATA[Payment Section is displayed.]]>
            </line>
            <line>
              <![CDATA[Both prices are equal.]]>
            </line>
            <line>
              <![CDATA[Payment Section is displayed.]]>
            </line>
            <line>
              <![CDATA[Total amount and payable amount are same.]]>
            </line>
            <line>
              <![CDATA[Payment is confirmed and in request creation page.]]>
            </line>
            <line>
              <![CDATA[Test: testA is Pass]]>
            </line>
          </reporter-output>
        </test-method> <!-- testA -->
        <test-method status="PASS" signature="closeApp(org.testng.ITestResult)[pri:0, instance:script.PaymentWithPaypal_TC8@cc285f4]" name="closeApp" is-config="true" duration-ms="378" started-at="2018-12-10T09:32:42Z" finished-at="2018-12-10T09:32:42Z">
          <params>
            <param index="0">
              <value>
                <![CDATA[[TestResult name=testA status=SUCCESS method=PaymentWithPaypal_TC8.testA()[pri:0, instance:script.PaymentWithPaypal_TC8@cc285f4] output=Payment Section is displayed.]]]>
              </value>
            </param>
          </params>
          <reporter-output>
            <line>
              <![CDATA[TestName: testA Status: Pass]]>
            </line>
          </reporter-output>
        </test-method> <!-- closeApp -->
      </class> <!-- script.PaymentWithPaypal_TC8 -->
    </test> <!-- Default test -->
  </suite> <!-- Default suite -->
</testng-results>
