<?xml version="1.0" encoding="UTF-8"?>
<testng-results skipped="0" failed="1" total="1" passed="0">
  <reporter-output>
    <line>
      <![CDATA[Payment Section is displayed.]]>
    </line>
    <line>
      <![CDATA[Both prices are equal.]]>
    </line>
    <line>
      <![CDATA[Test: testA is Fail]]>
    </line>
    <line>
      <![CDATA[TestName: testA Status: Fail]]>
    </line>
    <line>
      <![CDATA[PHOTO: ./photo/Mon Dec 10 09_13_13 EST 2018.png]]>
    </line>
  </reporter-output>
  <suite name="Default suite" duration-ms="63385" started-at="2018-12-10T14:12:10Z" finished-at="2018-12-10T14:13:14Z">
    <groups>
    </groups>
    <test name="Default test" duration-ms="63385" started-at="2018-12-10T14:12:10Z" finished-at="2018-12-10T14:13:14Z">
      <class name="script.PaymentWithPaypal_TC8">
        <test-method status="PASS" signature="openApp(java.lang.String, java.lang.String)[pri:0, instance:script.PaymentWithPaypal_TC8@cc285f4]" name="openApp" is-config="true" duration-ms="13304" started-at="2018-12-10T09:12:10Z" finished-at="2018-12-10T09:12:24Z">
          <params>
            <param index="0">
              <value>
                <![CDATA[localhost]]>
              </value>
            </param>
            <param index="1">
              <value>
                <![CDATA[chrome]]>
              </value>
            </param>
          </params>
          <reporter-output>
          </reporter-output>
        </test-method> <!-- openApp -->
        <test-method status="FAIL" signature="testA()[pri:0, instance:script.PaymentWithPaypal_TC8@cc285f4]" name="testA" duration-ms="49150" started-at="2018-12-10T09:12:24Z" finished-at="2018-12-10T09:13:13Z">
          <exception class="org.openqa.selenium.NoSuchElementException">
            <message>
              <![CDATA[no such element: Unable to locate element: {"method":"id","selector":"email"}
  (Session info: chrome=70.0.3538.110)
  (Driver info: chromedriver=2.44.609545 (c2f88692e98ce7233d2df7c724465ecacfe74df5),platform=Mac OS X 10.12.6 x86_64) (WARNING: The server did not provide any stacktrace information)
Command duration or timeout: 0 milliseconds
For documentation on this error, please visit: http://seleniumhq.org/exceptions/no_such_element.html
Build info: version: '3.14.0', revision: 'aacccce0', time: '2018-08-02T20:13:22.693Z'
System info: host: 'BTC-Mac.local', ip: 'fe80:0:0:0:9d:3c8:6018:eff0%en0', os.name: 'Mac OS X', os.arch: 'x86_64', os.version: '10.12.6', java.version: '1.8.0_101'
Driver info: org.openqa.selenium.chrome.ChromeDriver
Capabilities {acceptInsecureCerts: false, acceptSslCerts: false, applicationCacheEnabled: false, browserConnectionEnabled: false, browserName: chrome, chrome: {chromedriverVersion: 2.44.609545 (c2f88692e98ce7..., userDataDir: /var/folders/ty/3vsm8cdd1ss...}, cssSelectorsEnabled: true, databaseEnabled: false, goog:chromeOptions: {debuggerAddress: localhost:61094}, handlesAlerts: true, hasTouchScreen: false, javascriptEnabled: true, locationContextEnabled: true, mobileEmulationEnabled: false, nativeEvents: true, networkConnectionEnabled: false, pageLoadStrategy: normal, platform: MAC, platformName: MAC, rotatable: false, setWindowRect: true, takesHeapSnapshot: true, takesScreenshot: true, unexpectedAlertBehaviour: ignore, unhandledPromptBehavior: ignore, version: 70.0.3538.110, webStorageEnabled: true}
Session ID: 5b0594d6127e29f3fd8bdf15fe94af4d
*** Element info: {Using=id, value=email}]]>
            </message>
            <full-stacktrace>
              <![CDATA[org.openqa.selenium.NoSuchElementException: no such element: Unable to locate element: {"method":"id","selector":"email"}
  (Session info: chrome=70.0.3538.110)
  (Driver info: chromedriver=2.44.609545 (c2f88692e98ce7233d2df7c724465ecacfe74df5),platform=Mac OS X 10.12.6 x86_64) (WARNING: The server did not provide any stacktrace information)
Command duration or timeout: 0 milliseconds
For documentation on this error, please visit: http://seleniumhq.org/exceptions/no_such_element.html
Build info: version: '3.14.0', revision: 'aacccce0', time: '2018-08-02T20:13:22.693Z'
System info: host: 'BTC-Mac.local', ip: 'fe80:0:0:0:9d:3c8:6018:eff0%en0', os.name: 'Mac OS X', os.arch: 'x86_64', os.version: '10.12.6', java.version: '1.8.0_101'
Driver info: org.openqa.selenium.chrome.ChromeDriver
Capabilities {acceptInsecureCerts: false, acceptSslCerts: false, applicationCacheEnabled: false, browserConnectionEnabled: false, browserName: chrome, chrome: {chromedriverVersion: 2.44.609545 (c2f88692e98ce7..., userDataDir: /var/folders/ty/3vsm8cdd1ss...}, cssSelectorsEnabled: true, databaseEnabled: false, goog:chromeOptions: {debuggerAddress: localhost:61094}, handlesAlerts: true, hasTouchScreen: false, javascriptEnabled: true, locationContextEnabled: true, mobileEmulationEnabled: false, nativeEvents: true, networkConnectionEnabled: false, pageLoadStrategy: normal, platform: MAC, platformName: MAC, rotatable: false, setWindowRect: true, takesHeapSnapshot: true, takesScreenshot: true, unexpectedAlertBehaviour: ignore, unhandledPromptBehavior: ignore, version: 70.0.3538.110, webStorageEnabled: true}
Session ID: 5b0594d6127e29f3fd8bdf15fe94af4d
*** Element info: {Using=id, value=email}
	at sun.reflect.NativeConstructorAccessorImpl.newInstance0(Native Method)
	at sun.reflect.NativeConstructorAccessorImpl.newInstance(NativeConstructorAccessorImpl.java:62)
	at sun.reflect.DelegatingConstructorAccessorImpl.newInstance(DelegatingConstructorAccessorImpl.java:45)
	at java.lang.reflect.Constructor.newInstance(Constructor.java:423)
	at org.openqa.selenium.remote.ErrorHandler.createThrowable(ErrorHandler.java:214)
	at org.openqa.selenium.remote.ErrorHandler.throwIfResponseFailed(ErrorHandler.java:166)
	at org.openqa.selenium.remote.http.JsonHttpResponseCodec.reconstructValue(JsonHttpResponseCodec.java:40)
	at org.openqa.selenium.remote.http.AbstractHttpResponseCodec.decode(AbstractHttpResponseCodec.java:80)
	at org.openqa.selenium.remote.http.AbstractHttpResponseCodec.decode(AbstractHttpResponseCodec.java:44)
	at org.openqa.selenium.remote.HttpCommandExecutor.execute(HttpCommandExecutor.java:158)
	at org.openqa.selenium.remote.service.DriverCommandExecutor.execute(DriverCommandExecutor.java:83)
	at org.openqa.selenium.remote.RemoteWebDriver.execute(RemoteWebDriver.java:548)
	at org.openqa.selenium.remote.RemoteWebDriver.findElement(RemoteWebDriver.java:322)
	at org.openqa.selenium.remote.RemoteWebDriver.findElementById(RemoteWebDriver.java:368)
	at org.openqa.selenium.By$ById.findElement(By.java:188)
	at org.openqa.selenium.remote.RemoteWebDriver.findElement(RemoteWebDriver.java:314)
	at org.openqa.selenium.support.pagefactory.DefaultElementLocator.findElement(DefaultElementLocator.java:69)
	at org.openqa.selenium.support.pagefactory.internal.LocatingElementHandler.invoke(LocatingElementHandler.java:38)
	at com.sun.proxy.$Proxy12.clear(Unknown Source)
	at page.PaymentPage.enterPaypalEmail(PaymentPage.java:225)
	at script.PaymentWithPaypal_TC8.testA(PaymentWithPaypal_TC8.java:40)
	at sun.reflect.NativeMethodAccessorImpl.invoke0(Native Method)
	at sun.reflect.NativeMethodAccessorImpl.invoke(NativeMethodAccessorImpl.java:62)
	at sun.reflect.DelegatingMethodAccessorImpl.invoke(DelegatingMethodAccessorImpl.java:43)
	at java.lang.reflect.Method.invoke(Method.java:498)
	at org.testng.internal.MethodInvocationHelper.invokeMethod(MethodInvocationHelper.java:86)
	at org.testng.internal.Invoker.invokeMethod(Invoker.java:643)
	at org.testng.internal.Invoker.invokeTestMethod(Invoker.java:820)
	at org.testng.internal.Invoker.invokeTestMethods(Invoker.java:1128)
	at org.testng.internal.TestMethodWorker.invokeTestMethods(TestMethodWorker.java:129)
	at org.testng.internal.TestMethodWorker.run(TestMethodWorker.java:112)
	at org.testng.TestRunner.privateRun(TestRunner.java:782)
	at org.testng.TestRunner.run(TestRunner.java:632)
	at org.testng.SuiteRunner.runTest(SuiteRunner.java:366)
	at org.testng.SuiteRunner.runSequentially(SuiteRunner.java:361)
	at org.testng.SuiteRunner.privateRun(SuiteRunner.java:319)
	at org.testng.SuiteRunner.run(SuiteRunner.java:268)
	at org.testng.SuiteRunnerWorker.runSuite(SuiteRunnerWorker.java:52)
	at org.testng.SuiteRunnerWorker.run(SuiteRunnerWorker.java:86)
	at org.testng.TestNG.runSuitesSequentially(TestNG.java:1244)
	at org.testng.TestNG.runSuitesLocally(TestNG.java:1169)
	at org.testng.TestNG.run(TestNG.java:1064)
	at org.testng.remote.AbstractRemoteTestNG.run(AbstractRemoteTestNG.java:114)
	at org.testng.remote.RemoteTestNG.initAndRun(RemoteTestNG.java:251)
	at org.testng.remote.RemoteTestNG.main(RemoteTestNG.java:77)
]]>
            </full-stacktrace>
          </exception> <!-- org.openqa.selenium.NoSuchElementException -->
          <reporter-output>
            <line>
              <![CDATA[Payment Section is displayed.]]>
            </line>
            <line>
              <![CDATA[Both prices are equal.]]>
            </line>
            <line>
              <![CDATA[Test: testA is Fail]]>
            </line>
          </reporter-output>
        </test-method> <!-- testA -->
        <test-method status="PASS" signature="closeApp(org.testng.ITestResult)[pri:0, instance:script.PaymentWithPaypal_TC8@cc285f4]" name="closeApp" is-config="true" duration-ms="902" started-at="2018-12-10T09:13:13Z" finished-at="2018-12-10T09:13:14Z">
          <params>
            <param index="0">
              <value>
                <![CDATA[[TestResult name=testA status=FAILURE method=PaymentWithPaypal_TC8.testA()[pri:0, instance:script.PaymentWithPaypal_TC8@cc285f4] output=Payment Section is displayed.]]]>
              </value>
            </param>
          </params>
          <reporter-output>
            <line>
              <![CDATA[TestName: testA Status: Fail]]>
            </line>
            <line>
              <![CDATA[PHOTO: ./photo/Mon Dec 10 09_13_13 EST 2018.png]]>
            </line>
          </reporter-output>
        </test-method> <!-- closeApp -->
      </class> <!-- script.PaymentWithPaypal_TC8 -->
    </test> <!-- Default test -->
  </suite> <!-- Default suite -->
</testng-results>
