<?xml version="1.0" encoding="UTF-8"?>
<testng-results skipped="0" failed="0" total="1" passed="1">
  <reporter-output>
    <line>
      <![CDATA[LLR Request List Page is displayed.]]>
    </line>
    <line>
      <![CDATA[Test: create_LLR_jpg is Pass]]>
    </line>
    <line>
      <![CDATA[TestName: create_LLR_jpg Status: Pass]]>
    </line>
  </reporter-output>
  <suite name="Default suite" duration-ms="71743" started-at="2018-12-12T07:39:35Z" finished-at="2018-12-12T07:40:47Z">
    <groups>
    </groups>
    <test name="Default test" duration-ms="71743" started-at="2018-12-12T07:39:35Z" finished-at="2018-12-12T07:40:47Z">
      <class name="script.Create_LLR_Request_JPG_TC10">
        <test-method status="PASS" signature="openApp(java.lang.String, java.lang.String)[pri:0, instance:script.Create_LLR_Request_JPG_TC10@cc285f4]" name="openApp" is-config="true" duration-ms="18772" started-at="2018-12-12T02:39:35Z" finished-at="2018-12-12T02:39:54Z">
          <params>
            <param index="0">
              <value>
                <![CDATA[localhost]]>
              </value>
            </param>
            <param index="1">
              <value>
                <![CDATA[chrome]]>
              </value>
            </param>
          </params>
          <reporter-output>
          </reporter-output>
        </test-method> <!-- openApp -->
        <test-method status="PASS" signature="create_LLR_jpg()[pri:10, instance:script.Create_LLR_Request_JPG_TC10@cc285f4]" name="create_LLR_jpg" duration-ms="52577" started-at="2018-12-12T02:39:54Z" finished-at="2018-12-12T02:40:46Z">
          <reporter-output>
            <line>
              <![CDATA[LLR Request List Page is displayed.]]>
            </line>
            <line>
              <![CDATA[Test: create_LLR_jpg is Pass]]>
            </line>
          </reporter-output>
        </test-method> <!-- create_LLR_jpg -->
        <test-method status="PASS" signature="closeApp(org.testng.ITestResult)[pri:0, instance:script.Create_LLR_Request_JPG_TC10@cc285f4]" name="closeApp" is-config="true" duration-ms="372" started-at="2018-12-12T02:40:46Z" finished-at="2018-12-12T02:40:47Z">
          <params>
            <param index="0">
              <value>
                <![CDATA[[TestResult name=create_LLR_jpg status=SUCCESS method=Create_LLR_Request_JPG_TC10.create_LLR_jpg()[pri:10, instance:script.Create_LLR_Request_JPG_TC10@cc285f4] output=LLR Request List Page is displayed.]]]>
              </value>
            </param>
          </params>
          <reporter-output>
            <line>
              <![CDATA[TestName: create_LLR_jpg Status: Pass]]>
            </line>
          </reporter-output>
        </test-method> <!-- closeApp -->
      </class> <!-- script.Create_LLR_Request_JPG_TC10 -->
    </test> <!-- Default test -->
  </suite> <!-- Default suite -->
</testng-results>
