<?xml version="1.0" encoding="UTF-8"?>
<testng-results skipped="0" failed="2" total="14" passed="12">
  <reporter-output>
    <line>
      <![CDATA[Access Code Page is Displayed.]]>
    </line>
    <line>
      <![CDATA[Payment Section is displayed.]]>
    </line>
    <line>
      <![CDATA[Test: validEmail is Pass]]>
    </line>
    <line>
      <![CDATA[TestName: validEmail Status: Pass]]>
    </line>
    <line>
      <![CDATA[Did not go to next page and error message is displayed for duplication of email id.]]>
    </line>
    <line>
      <![CDATA[Test: invalidEmail is Pass]]>
    </line>
    <line>
      <![CDATA[TestName: invalidEmail Status: Pass]]>
    </line>
    <line>
      <![CDATA[Access Code Page is Displayed.]]>
    </line>
    <line>
      <![CDATA[Access Code Page is Displayed.]]>
    </line>
    <line>
      <![CDATA[Test: regAfterSignOut is Pass]]>
    </line>
    <line>
      <![CDATA[TestName: regAfterSignOut Status: Pass]]>
    </line>
    <line>
      <![CDATA[Submitted Successfully.]]>
    </line>
    <line>
      <![CDATA[Test: clinicianReg is Pass]]>
    </line>
    <line>
      <![CDATA[TestName: clinicianReg Status: Pass]]>
    </line>
    <line>
      <![CDATA[Test: labAdminRegistration is Fail]]>
    </line>
    <line>
      <![CDATA[TestName: labAdminRegistration Status: Fail]]>
    </line>
    <line>
      <![CDATA[PHOTO: ./photo/Wed Dec 12 06_08_29 EST 2018.png]]>
    </line>
    <line>
      <![CDATA[Test: otherRegistration is Fail]]>
    </line>
    <line>
      <![CDATA[TestName: otherRegistration Status: Fail]]>
    </line>
    <line>
      <![CDATA[PHOTO: ./photo/Wed Dec 12 06_08_46 EST 2018.png]]>
    </line>
    <line>
      <![CDATA[Payment Section is displayed.]]>
    </line>
    <line>
      <![CDATA[Both prices are equal.]]>
    </line>
    <line>
      <![CDATA[Total amount and payable amount are same.]]>
    </line>
    <line>
      <![CDATA[Payment is confirmed and in request creation page.]]>
    </line>
    <line>
      <![CDATA[Test: paymentWithCard is Pass]]>
    </line>
    <line>
      <![CDATA[TestName: paymentWithCard Status: Pass]]>
    </line>
    <line>
      <![CDATA[Payment Section is displayed.]]>
    </line>
    <line>
      <![CDATA[Both prices are equal.]]>
    </line>
    <line>
      <![CDATA[Payment Section is displayed.]]>
    </line>
    <line>
      <![CDATA[Total amount and payable amount are same.]]>
    </line>
    <line>
      <![CDATA[Payment is confirmed and in request creation page.]]>
    </line>
    <line>
      <![CDATA[Test: paymentWithPaypal is Pass]]>
    </line>
    <line>
      <![CDATA[TestName: paymentWithPaypal Status: Pass]]>
    </line>
    <line>
      <![CDATA[Test: creationOfDDM is Pass]]>
    </line>
    <line>
      <![CDATA[TestName: creationOfDDM Status: Pass]]>
    </line>
    <line>
      <![CDATA[LLR Request List Page is displayed.]]>
    </line>
    <line>
      <![CDATA[Test: create_LLR_Request is Pass]]>
    </line>
    <line>
      <![CDATA[TestName: create_LLR_Request Status: Pass]]>
    </line>
    <line>
      <![CDATA[LLR Request List Page is displayed.]]>
    </line>
    <line>
      <![CDATA[Test: create_LLR_jpg is Pass]]>
    </line>
    <line>
      <![CDATA[TestName: create_LLR_jpg Status: Pass]]>
    </line>
    <line>
      <![CDATA[LLR Request List Page is displayed.]]>
    </line>
    <line>
      <![CDATA[Test: create_LLR_png is Pass]]>
    </line>
    <line>
      <![CDATA[TestName: create_LLR_png Status: Pass]]>
    </line>
    <line>
      <![CDATA[LLR Request List Page is displayed.]]>
    </line>
    <line>
      <![CDATA[Test: create_LLR_pdf is Pass]]>
    </line>
    <line>
      <![CDATA[TestName: create_LLR_pdf Status: Pass]]>
    </line>
    <line>
      <![CDATA[LLR Request List Page is displayed.]]>
    </line>
    <line>
      <![CDATA[The Report is not editable.]]>
    </line>
    <line>
      <![CDATA[Test: view_LLR_List is Pass]]>
    </line>
    <line>
      <![CDATA[TestName: view_LLR_List Status: Pass]]>
    </line>
  </reporter-output>
  <suite name="Suite" duration-ms="980964" started-at="2018-12-12T11:05:52Z" finished-at="2018-12-12T11:22:12Z">
    <groups>
    </groups>
    <test name="Test" duration-ms="980964" started-at="2018-12-12T11:05:52Z" finished-at="2018-12-12T11:22:12Z">
      <class name="script.Clinician_Reg_TC4">
        <test-method status="PASS" signature="openApp(java.lang.String, java.lang.String)[pri:0, instance:script.Clinician_Reg_TC4@523884b2]" name="openApp" is-config="true" duration-ms="8326" started-at="2018-12-12T06:07:50Z" finished-at="2018-12-12T06:07:59Z">
          <params>
            <param index="0">
              <value>
                <![CDATA[localhost]]>
              </value>
            </param>
            <param index="1">
              <value>
                <![CDATA[chrome]]>
              </value>
            </param>
          </params>
          <reporter-output>
          </reporter-output>
        </test-method> <!-- openApp -->
        <test-method status="PASS" signature="clinicianReg()[pri:4, instance:script.Clinician_Reg_TC4@523884b2]" name="clinicianReg" duration-ms="18492" started-at="2018-12-12T06:07:59Z" finished-at="2018-12-12T06:08:17Z">
          <reporter-output>
            <line>
              <![CDATA[Submitted Successfully.]]>
            </line>
            <line>
              <![CDATA[Test: clinicianReg is Pass]]>
            </line>
          </reporter-output>
        </test-method> <!-- clinicianReg -->
        <test-method status="PASS" signature="closeApp(org.testng.ITestResult)[pri:0, instance:script.Clinician_Reg_TC4@523884b2]" name="closeApp" is-config="true" duration-ms="229" started-at="2018-12-12T06:08:17Z" finished-at="2018-12-12T06:08:17Z">
          <params>
            <param index="0">
              <value>
                <![CDATA[[TestResult name=clinicianReg status=SUCCESS method=Clinician_Reg_TC4.clinicianReg()[pri:4, instance:script.Clinician_Reg_TC4@523884b2] output=Submitted Successfully.]]]>
              </value>
            </param>
          </params>
          <reporter-output>
            <line>
              <![CDATA[TestName: clinicianReg Status: Pass]]>
            </line>
          </reporter-output>
        </test-method> <!-- closeApp -->
      </class> <!-- script.Clinician_Reg_TC4 -->
      <class name="script.Others_Reg_TC6">
        <test-method status="PASS" signature="openApp(java.lang.String, java.lang.String)[pri:0, instance:script.Others_Reg_TC6@61832929]" name="openApp" is-config="true" duration-ms="10554" started-at="2018-12-12T06:08:30Z" finished-at="2018-12-12T06:08:41Z">
          <params>
            <param index="0">
              <value>
                <![CDATA[localhost]]>
              </value>
            </param>
            <param index="1">
              <value>
                <![CDATA[chrome]]>
              </value>
            </param>
          </params>
          <reporter-output>
          </reporter-output>
        </test-method> <!-- openApp -->
        <test-method status="FAIL" signature="otherRegistration()[pri:6, instance:script.Others_Reg_TC6@61832929]" name="otherRegistration" duration-ms="4754" started-at="2018-12-12T06:08:41Z" finished-at="2018-12-12T06:08:46Z">
          <exception class="java.lang.AssertionError">
            <message>
              <![CDATA[null]]>
            </message>
            <full-stacktrace>
              <![CDATA[java.lang.AssertionError: null
	at org.testng.Assert.fail(Assert.java:94)
	at org.testng.Assert.fail(Assert.java:101)
	at page.RegisterPage.checkForRegSuccess(RegisterPage.java:236)
	at script.Others_Reg_TC6.otherRegistration(Others_Reg_TC6.java:31)
	at sun.reflect.NativeMethodAccessorImpl.invoke0(Native Method)
	at sun.reflect.NativeMethodAccessorImpl.invoke(NativeMethodAccessorImpl.java:62)
	at sun.reflect.DelegatingMethodAccessorImpl.invoke(DelegatingMethodAccessorImpl.java:43)
	at java.lang.reflect.Method.invoke(Method.java:498)
	at org.testng.internal.MethodInvocationHelper.invokeMethod(MethodInvocationHelper.java:86)
	at org.testng.internal.Invoker.invokeMethod(Invoker.java:643)
	at org.testng.internal.Invoker.invokeTestMethod(Invoker.java:820)
	at org.testng.internal.Invoker.invokeTestMethods(Invoker.java:1128)
	at org.testng.internal.TestMethodWorker.invokeTestMethods(TestMethodWorker.java:129)
	at org.testng.internal.TestMethodWorker.run(TestMethodWorker.java:112)
	at org.testng.TestRunner.privateRun(TestRunner.java:782)
	at org.testng.TestRunner.run(TestRunner.java:632)
	at org.testng.SuiteRunner.runTest(SuiteRunner.java:366)
	at org.testng.SuiteRunner.runSequentially(SuiteRunner.java:361)
	at org.testng.SuiteRunner.privateRun(SuiteRunner.java:319)
	at org.testng.SuiteRunner.run(SuiteRunner.java:268)
	at org.testng.SuiteRunnerWorker.runSuite(SuiteRunnerWorker.java:52)
	at org.testng.SuiteRunnerWorker.run(SuiteRunnerWorker.java:86)
	at org.testng.TestNG.runSuitesSequentially(TestNG.java:1244)
	at org.testng.TestNG.runSuitesLocally(TestNG.java:1169)
	at org.testng.TestNG.run(TestNG.java:1064)
	at org.testng.remote.AbstractRemoteTestNG.run(AbstractRemoteTestNG.java:114)
	at org.testng.remote.RemoteTestNG.initAndRun(RemoteTestNG.java:251)
	at org.testng.remote.RemoteTestNG.main(RemoteTestNG.java:77)
]]>
            </full-stacktrace>
          </exception> <!-- java.lang.AssertionError -->
          <reporter-output>
            <line>
              <![CDATA[Test: otherRegistration is Fail]]>
            </line>
          </reporter-output>
        </test-method> <!-- otherRegistration -->
        <test-method status="PASS" signature="closeApp(org.testng.ITestResult)[pri:0, instance:script.Others_Reg_TC6@61832929]" name="closeApp" is-config="true" duration-ms="677" started-at="2018-12-12T06:08:46Z" finished-at="2018-12-12T06:08:46Z">
          <params>
            <param index="0">
              <value>
                <![CDATA[[TestResult name=otherRegistration status=FAILURE method=Others_Reg_TC6.otherRegistration()[pri:6, instance:script.Others_Reg_TC6@61832929] output=Test: otherRegistration is Fail]]]>
              </value>
            </param>
          </params>
          <reporter-output>
            <line>
              <![CDATA[TestName: otherRegistration Status: Fail]]>
            </line>
            <line>
              <![CDATA[PHOTO: ./photo/Wed Dec 12 06_08_46 EST 2018.png]]>
            </line>
          </reporter-output>
        </test-method> <!-- closeApp -->
      </class> <!-- script.Others_Reg_TC6 -->
      <class name="script.PaymentWithCard_TC7">
        <test-method status="PASS" signature="openApp(java.lang.String, java.lang.String)[pri:0, instance:script.PaymentWithCard_TC7@29774679]" name="openApp" is-config="true" duration-ms="7429" started-at="2018-12-12T06:08:46Z" finished-at="2018-12-12T06:08:54Z">
          <params>
            <param index="0">
              <value>
                <![CDATA[localhost]]>
              </value>
            </param>
            <param index="1">
              <value>
                <![CDATA[chrome]]>
              </value>
            </param>
          </params>
          <reporter-output>
          </reporter-output>
        </test-method> <!-- openApp -->
        <test-method status="PASS" signature="paymentWithCard()[pri:7, instance:script.PaymentWithCard_TC7@29774679]" name="paymentWithCard" duration-ms="62265" started-at="2018-12-12T06:08:54Z" finished-at="2018-12-12T06:09:56Z">
          <reporter-output>
            <line>
              <![CDATA[Payment Section is displayed.]]>
            </line>
            <line>
              <![CDATA[Both prices are equal.]]>
            </line>
            <line>
              <![CDATA[Total amount and payable amount are same.]]>
            </line>
            <line>
              <![CDATA[Payment is confirmed and in request creation page.]]>
            </line>
            <line>
              <![CDATA[Test: paymentWithCard is Pass]]>
            </line>
          </reporter-output>
        </test-method> <!-- paymentWithCard -->
        <test-method status="PASS" signature="closeApp(org.testng.ITestResult)[pri:0, instance:script.PaymentWithCard_TC7@29774679]" name="closeApp" is-config="true" duration-ms="620" started-at="2018-12-12T06:09:56Z" finished-at="2018-12-12T06:09:57Z">
          <params>
            <param index="0">
              <value>
                <![CDATA[[TestResult name=paymentWithCard status=SUCCESS method=PaymentWithCard_TC7.paymentWithCard()[pri:7, instance:script.PaymentWithCard_TC7@29774679] output=Payment Section is displayed.]]]>
              </value>
            </param>
          </params>
          <reporter-output>
            <line>
              <![CDATA[TestName: paymentWithCard Status: Pass]]>
            </line>
          </reporter-output>
        </test-method> <!-- closeApp -->
      </class> <!-- script.PaymentWithCard_TC7 -->
      <class name="script.Create_LLR_Request_JPG_TC10">
        <test-method status="PASS" signature="openApp(java.lang.String, java.lang.String)[pri:0, instance:script.Create_LLR_Request_JPG_TC10@3532ec19]" name="openApp" is-config="true" duration-ms="9960" started-at="2018-12-12T06:14:35Z" finished-at="2018-12-12T06:14:45Z">
          <params>
            <param index="0">
              <value>
                <![CDATA[localhost]]>
              </value>
            </param>
            <param index="1">
              <value>
                <![CDATA[chrome]]>
              </value>
            </param>
          </params>
          <reporter-output>
          </reporter-output>
        </test-method> <!-- openApp -->
        <test-method status="PASS" signature="create_LLR_jpg()[pri:10, instance:script.Create_LLR_Request_JPG_TC10@3532ec19]" name="create_LLR_jpg" duration-ms="48042" started-at="2018-12-12T06:14:45Z" finished-at="2018-12-12T06:15:33Z">
          <reporter-output>
            <line>
              <![CDATA[LLR Request List Page is displayed.]]>
            </line>
            <line>
              <![CDATA[Test: create_LLR_jpg is Pass]]>
            </line>
          </reporter-output>
        </test-method> <!-- create_LLR_jpg -->
        <test-method status="PASS" signature="closeApp(org.testng.ITestResult)[pri:0, instance:script.Create_LLR_Request_JPG_TC10@3532ec19]" name="closeApp" is-config="true" duration-ms="302" started-at="2018-12-12T06:15:33Z" finished-at="2018-12-12T06:15:34Z">
          <params>
            <param index="0">
              <value>
                <![CDATA[[TestResult name=create_LLR_jpg status=SUCCESS method=Create_LLR_Request_JPG_TC10.create_LLR_jpg()[pri:10, instance:script.Create_LLR_Request_JPG_TC10@3532ec19] output=LLR Request List Page is displayed.]]]>
              </value>
            </param>
          </params>
          <reporter-output>
            <line>
              <![CDATA[TestName: create_LLR_jpg Status: Pass]]>
            </line>
          </reporter-output>
        </test-method> <!-- closeApp -->
      </class> <!-- script.Create_LLR_Request_JPG_TC10 -->
      <class name="script.LabAdmin_Reg_TC5">
        <test-method status="PASS" signature="openApp(java.lang.String, java.lang.String)[pri:0, instance:script.LabAdmin_Reg_TC5@5b275dab]" name="openApp" is-config="true" duration-ms="7410" started-at="2018-12-12T06:08:17Z" finished-at="2018-12-12T06:08:25Z">
          <params>
            <param index="0">
              <value>
                <![CDATA[localhost]]>
              </value>
            </param>
            <param index="1">
              <value>
                <![CDATA[chrome]]>
              </value>
            </param>
          </params>
          <reporter-output>
          </reporter-output>
        </test-method> <!-- openApp -->
        <test-method status="FAIL" signature="labAdminRegistration()[pri:5, instance:script.LabAdmin_Reg_TC5@5b275dab]" name="labAdminRegistration" duration-ms="4620" started-at="2018-12-12T06:08:25Z" finished-at="2018-12-12T06:08:29Z">
          <exception class="java.lang.AssertionError">
            <message>
              <![CDATA[null]]>
            </message>
            <full-stacktrace>
              <![CDATA[java.lang.AssertionError: null
	at org.testng.Assert.fail(Assert.java:94)
	at org.testng.Assert.fail(Assert.java:101)
	at page.RegisterPage.checkForRegSuccess(RegisterPage.java:236)
	at script.LabAdmin_Reg_TC5.labAdminRegistration(LabAdmin_Reg_TC5.java:31)
	at sun.reflect.NativeMethodAccessorImpl.invoke0(Native Method)
	at sun.reflect.NativeMethodAccessorImpl.invoke(NativeMethodAccessorImpl.java:62)
	at sun.reflect.DelegatingMethodAccessorImpl.invoke(DelegatingMethodAccessorImpl.java:43)
	at java.lang.reflect.Method.invoke(Method.java:498)
	at org.testng.internal.MethodInvocationHelper.invokeMethod(MethodInvocationHelper.java:86)
	at org.testng.internal.Invoker.invokeMethod(Invoker.java:643)
	at org.testng.internal.Invoker.invokeTestMethod(Invoker.java:820)
	at org.testng.internal.Invoker.invokeTestMethods(Invoker.java:1128)
	at org.testng.internal.TestMethodWorker.invokeTestMethods(TestMethodWorker.java:129)
	at org.testng.internal.TestMethodWorker.run(TestMethodWorker.java:112)
	at org.testng.TestRunner.privateRun(TestRunner.java:782)
	at org.testng.TestRunner.run(TestRunner.java:632)
	at org.testng.SuiteRunner.runTest(SuiteRunner.java:366)
	at org.testng.SuiteRunner.runSequentially(SuiteRunner.java:361)
	at org.testng.SuiteRunner.privateRun(SuiteRunner.java:319)
	at org.testng.SuiteRunner.run(SuiteRunner.java:268)
	at org.testng.SuiteRunnerWorker.runSuite(SuiteRunnerWorker.java:52)
	at org.testng.SuiteRunnerWorker.run(SuiteRunnerWorker.java:86)
	at org.testng.TestNG.runSuitesSequentially(TestNG.java:1244)
	at org.testng.TestNG.runSuitesLocally(TestNG.java:1169)
	at org.testng.TestNG.run(TestNG.java:1064)
	at org.testng.remote.AbstractRemoteTestNG.run(AbstractRemoteTestNG.java:114)
	at org.testng.remote.RemoteTestNG.initAndRun(RemoteTestNG.java:251)
	at org.testng.remote.RemoteTestNG.main(RemoteTestNG.java:77)
]]>
            </full-stacktrace>
          </exception> <!-- java.lang.AssertionError -->
          <reporter-output>
            <line>
              <![CDATA[Test: labAdminRegistration is Fail]]>
            </line>
          </reporter-output>
        </test-method> <!-- labAdminRegistration -->
        <test-method status="PASS" signature="closeApp(org.testng.ITestResult)[pri:0, instance:script.LabAdmin_Reg_TC5@5b275dab]" name="closeApp" is-config="true" duration-ms="932" started-at="2018-12-12T06:08:29Z" finished-at="2018-12-12T06:08:30Z">
          <params>
            <param index="0">
              <value>
                <![CDATA[[TestResult name=labAdminRegistration status=FAILURE method=LabAdmin_Reg_TC5.labAdminRegistration()[pri:5, instance:script.LabAdmin_Reg_TC5@5b275dab] output=Test: labAdminRegistration is Fail]]]>
              </value>
            </param>
          </params>
          <reporter-output>
            <line>
              <![CDATA[TestName: labAdminRegistration Status: Fail]]>
            </line>
            <line>
              <![CDATA[PHOTO: ./photo/Wed Dec 12 06_08_29 EST 2018.png]]>
            </line>
          </reporter-output>
        </test-method> <!-- closeApp -->
      </class> <!-- script.LabAdmin_Reg_TC5 -->
      <class name="script.Create_LLR_Request_PDF_TC12">
        <test-method status="PASS" signature="openApp(java.lang.String, java.lang.String)[pri:0, instance:script.Create_LLR_Request_PDF_TC12@ae45eb6]" name="openApp" is-config="true" duration-ms="11395" started-at="2018-12-12T06:18:15Z" finished-at="2018-12-12T06:18:26Z">
          <params>
            <param index="0">
              <value>
                <![CDATA[localhost]]>
              </value>
            </param>
            <param index="1">
              <value>
                <![CDATA[chrome]]>
              </value>
            </param>
          </params>
          <reporter-output>
          </reporter-output>
        </test-method> <!-- openApp -->
        <test-method status="PASS" signature="create_LLR_pdf()[pri:12, instance:script.Create_LLR_Request_PDF_TC12@ae45eb6]" name="create_LLR_pdf" duration-ms="203957" started-at="2018-12-12T06:18:26Z" finished-at="2018-12-12T06:21:50Z">
          <reporter-output>
            <line>
              <![CDATA[LLR Request List Page is displayed.]]>
            </line>
            <line>
              <![CDATA[Test: create_LLR_pdf is Pass]]>
            </line>
          </reporter-output>
        </test-method> <!-- create_LLR_pdf -->
        <test-method status="PASS" signature="closeApp(org.testng.ITestResult)[pri:0, instance:script.Create_LLR_Request_PDF_TC12@ae45eb6]" name="closeApp" is-config="true" duration-ms="373" started-at="2018-12-12T06:21:50Z" finished-at="2018-12-12T06:21:50Z">
          <params>
            <param index="0">
              <value>
                <![CDATA[[TestResult name=create_LLR_pdf status=SUCCESS method=Create_LLR_Request_PDF_TC12.create_LLR_pdf()[pri:12, instance:script.Create_LLR_Request_PDF_TC12@ae45eb6] output=LLR Request List Page is displayed.]]]>
              </value>
            </param>
          </params>
          <reporter-output>
            <line>
              <![CDATA[TestName: create_LLR_pdf Status: Pass]]>
            </line>
          </reporter-output>
        </test-method> <!-- closeApp -->
      </class> <!-- script.Create_LLR_Request_PDF_TC12 -->
      <class name="script.Invalid_Email_TC2">
        <test-method status="PASS" signature="openApp(java.lang.String, java.lang.String)[pri:0, instance:script.Invalid_Email_TC2@28d25987]" name="openApp" is-config="true" duration-ms="10121" started-at="2018-12-12T06:06:58Z" finished-at="2018-12-12T06:07:08Z">
          <params>
            <param index="0">
              <value>
                <![CDATA[localhost]]>
              </value>
            </param>
            <param index="1">
              <value>
                <![CDATA[chrome]]>
              </value>
            </param>
          </params>
          <reporter-output>
          </reporter-output>
        </test-method> <!-- openApp -->
        <test-method status="PASS" signature="invalidEmail()[pri:2, instance:script.Invalid_Email_TC2@28d25987]" name="invalidEmail" duration-ms="5604" started-at="2018-12-12T06:07:08Z" finished-at="2018-12-12T06:07:13Z">
          <reporter-output>
            <line>
              <![CDATA[Did not go to next page and error message is displayed for duplication of email id.]]>
            </line>
            <line>
              <![CDATA[Test: invalidEmail is Pass]]>
            </line>
          </reporter-output>
        </test-method> <!-- invalidEmail -->
        <test-method status="PASS" signature="closeApp(org.testng.ITestResult)[pri:0, instance:script.Invalid_Email_TC2@28d25987]" name="closeApp" is-config="true" duration-ms="285" started-at="2018-12-12T06:07:13Z" finished-at="2018-12-12T06:07:14Z">
          <params>
            <param index="0">
              <value>
                <![CDATA[[TestResult name=invalidEmail status=SUCCESS method=Invalid_Email_TC2.invalidEmail()[pri:2, instance:script.Invalid_Email_TC2@28d25987] output=Did not go to next page and error message is displayed for duplication of email id.]]]>
              </value>
            </param>
          </params>
          <reporter-output>
            <line>
              <![CDATA[TestName: invalidEmail Status: Pass]]>
            </line>
          </reporter-output>
        </test-method> <!-- closeApp -->
      </class> <!-- script.Invalid_Email_TC2 -->
      <class name="script.Valid_Email_TC1">
        <test-method status="PASS" signature="openApp(java.lang.String, java.lang.String)[pri:0, instance:script.Valid_Email_TC1@59fa1d9b]" name="openApp" is-config="true" duration-ms="11923" started-at="2018-12-12T06:05:52Z" finished-at="2018-12-12T06:06:04Z">
          <params>
            <param index="0">
              <value>
                <![CDATA[localhost]]>
              </value>
            </param>
            <param index="1">
              <value>
                <![CDATA[chrome]]>
              </value>
            </param>
          </params>
          <reporter-output>
          </reporter-output>
        </test-method> <!-- openApp -->
        <test-method status="PASS" signature="validEmail()[pri:1, instance:script.Valid_Email_TC1@59fa1d9b]" name="validEmail" duration-ms="53262" started-at="2018-12-12T06:06:04Z" finished-at="2018-12-12T06:06:57Z">
          <reporter-output>
            <line>
              <![CDATA[Access Code Page is Displayed.]]>
            </line>
            <line>
              <![CDATA[Payment Section is displayed.]]>
            </line>
            <line>
              <![CDATA[Test: validEmail is Pass]]>
            </line>
          </reporter-output>
        </test-method> <!-- validEmail -->
        <test-method status="PASS" signature="closeApp(org.testng.ITestResult)[pri:0, instance:script.Valid_Email_TC1@59fa1d9b]" name="closeApp" is-config="true" duration-ms="878" started-at="2018-12-12T06:06:57Z" finished-at="2018-12-12T06:06:58Z">
          <params>
            <param index="0">
              <value>
                <![CDATA[[TestResult name=validEmail status=SUCCESS method=Valid_Email_TC1.validEmail()[pri:1, instance:script.Valid_Email_TC1@59fa1d9b] output=Access Code Page is Displayed.]]]>
              </value>
            </param>
          </params>
          <reporter-output>
            <line>
              <![CDATA[TestName: validEmail Status: Pass]]>
            </line>
          </reporter-output>
        </test-method> <!-- closeApp -->
      </class> <!-- script.Valid_Email_TC1 -->
      <class name="script.RegisterAfterSignout_TC3">
        <test-method status="PASS" signature="openApp(java.lang.String, java.lang.String)[pri:0, instance:script.RegisterAfterSignout_TC3@4501b7af]" name="openApp" is-config="true" duration-ms="12887" started-at="2018-12-12T06:07:14Z" finished-at="2018-12-12T06:07:27Z">
          <params>
            <param index="0">
              <value>
                <![CDATA[localhost]]>
              </value>
            </param>
            <param index="1">
              <value>
                <![CDATA[chrome]]>
              </value>
            </param>
          </params>
          <reporter-output>
          </reporter-output>
        </test-method> <!-- openApp -->
        <test-method status="PASS" signature="regAfterSignOut()[pri:3, instance:script.RegisterAfterSignout_TC3@4501b7af]" name="regAfterSignOut" duration-ms="23446" started-at="2018-12-12T06:07:27Z" finished-at="2018-12-12T06:07:50Z">
          <reporter-output>
            <line>
              <![CDATA[Access Code Page is Displayed.]]>
            </line>
            <line>
              <![CDATA[Access Code Page is Displayed.]]>
            </line>
            <line>
              <![CDATA[Test: regAfterSignOut is Pass]]>
            </line>
          </reporter-output>
        </test-method> <!-- regAfterSignOut -->
        <test-method status="PASS" signature="closeApp(org.testng.ITestResult)[pri:0, instance:script.RegisterAfterSignout_TC3@4501b7af]" name="closeApp" is-config="true" duration-ms="260" started-at="2018-12-12T06:07:50Z" finished-at="2018-12-12T06:07:50Z">
          <params>
            <param index="0">
              <value>
                <![CDATA[[TestResult name=regAfterSignOut status=SUCCESS method=RegisterAfterSignout_TC3.regAfterSignOut()[pri:3, instance:script.RegisterAfterSignout_TC3@4501b7af] output=Access Code Page is Displayed.]]]>
              </value>
            </param>
          </params>
          <reporter-output>
            <line>
              <![CDATA[TestName: regAfterSignOut Status: Pass]]>
            </line>
          </reporter-output>
        </test-method> <!-- closeApp -->
      </class> <!-- script.RegisterAfterSignout_TC3 -->
      <class name="script.Create_LLR_Request_TC9">
        <test-method status="PASS" signature="openApp(java.lang.String, java.lang.String)[pri:0, instance:script.Create_LLR_Request_TC9@26653222]" name="openApp" is-config="true" duration-ms="9450" started-at="2018-12-12T06:13:22Z" finished-at="2018-12-12T06:13:31Z">
          <params>
            <param index="0">
              <value>
                <![CDATA[localhost]]>
              </value>
            </param>
            <param index="1">
              <value>
                <![CDATA[chrome]]>
              </value>
            </param>
          </params>
          <reporter-output>
          </reporter-output>
        </test-method> <!-- openApp -->
        <test-method status="PASS" signature="create_LLR_Request()[pri:9, instance:script.Create_LLR_Request_TC9@26653222]" name="create_LLR_Request" duration-ms="63513" started-at="2018-12-12T06:13:31Z" finished-at="2018-12-12T06:14:35Z">
          <reporter-output>
            <line>
              <![CDATA[LLR Request List Page is displayed.]]>
            </line>
            <line>
              <![CDATA[Test: create_LLR_Request is Pass]]>
            </line>
          </reporter-output>
        </test-method> <!-- create_LLR_Request -->
        <test-method status="PASS" signature="closeApp(org.testng.ITestResult)[pri:0, instance:script.Create_LLR_Request_TC9@26653222]" name="closeApp" is-config="true" duration-ms="315" started-at="2018-12-12T06:14:35Z" finished-at="2018-12-12T06:14:35Z">
          <params>
            <param index="0">
              <value>
                <![CDATA[[TestResult name=create_LLR_Request status=SUCCESS method=Create_LLR_Request_TC9.create_LLR_Request()[pri:9, instance:script.Create_LLR_Request_TC9@26653222] output=LLR Request List Page is displayed.]]]>
              </value>
            </param>
          </params>
          <reporter-output>
            <line>
              <![CDATA[TestName: create_LLR_Request Status: Pass]]>
            </line>
          </reporter-output>
        </test-method> <!-- closeApp -->
      </class> <!-- script.Create_LLR_Request_TC9 -->
      <class name="script.PaymentWithPaypal_TC8">
        <test-method status="PASS" signature="openApp(java.lang.String, java.lang.String)[pri:0, instance:script.PaymentWithPaypal_TC8@3ffc5af1]" name="openApp" is-config="true" duration-ms="13557" started-at="2018-12-12T06:09:57Z" finished-at="2018-12-12T06:10:10Z">
          <params>
            <param index="0">
              <value>
                <![CDATA[localhost]]>
              </value>
            </param>
            <param index="1">
              <value>
                <![CDATA[chrome]]>
              </value>
            </param>
          </params>
          <reporter-output>
          </reporter-output>
        </test-method> <!-- openApp -->
        <test-method status="PASS" signature="paymentWithPaypal()[pri:8, instance:script.PaymentWithPaypal_TC8@3ffc5af1]" name="paymentWithPaypal" duration-ms="141945" started-at="2018-12-12T06:10:10Z" finished-at="2018-12-12T06:12:32Z">
          <reporter-output>
            <line>
              <![CDATA[Payment Section is displayed.]]>
            </line>
            <line>
              <![CDATA[Both prices are equal.]]>
            </line>
            <line>
              <![CDATA[Payment Section is displayed.]]>
            </line>
            <line>
              <![CDATA[Total amount and payable amount are same.]]>
            </line>
            <line>
              <![CDATA[Payment is confirmed and in request creation page.]]>
            </line>
            <line>
              <![CDATA[Test: paymentWithPaypal is Pass]]>
            </line>
          </reporter-output>
        </test-method> <!-- paymentWithPaypal -->
        <test-method status="PASS" signature="closeApp(org.testng.ITestResult)[pri:0, instance:script.PaymentWithPaypal_TC8@3ffc5af1]" name="closeApp" is-config="true" duration-ms="292" started-at="2018-12-12T06:12:32Z" finished-at="2018-12-12T06:12:32Z">
          <params>
            <param index="0">
              <value>
                <![CDATA[[TestResult name=paymentWithPaypal status=SUCCESS method=PaymentWithPaypal_TC8.paymentWithPaypal()[pri:8, instance:script.PaymentWithPaypal_TC8@3ffc5af1] output=Payment Section is displayed.]]]>
              </value>
            </param>
          </params>
          <reporter-output>
            <line>
              <![CDATA[TestName: paymentWithPaypal Status: Pass]]>
            </line>
          </reporter-output>
        </test-method> <!-- closeApp -->
      </class> <!-- script.PaymentWithPaypal_TC8 -->
      <class name="script.View_LLR_List_TC13">
        <test-method status="PASS" signature="openApp(java.lang.String, java.lang.String)[pri:0, instance:script.View_LLR_List_TC13@59f99ea]" name="openApp" is-config="true" duration-ms="10022" started-at="2018-12-12T06:21:50Z" finished-at="2018-12-12T06:22:00Z">
          <params>
            <param index="0">
              <value>
                <![CDATA[localhost]]>
              </value>
            </param>
            <param index="1">
              <value>
                <![CDATA[chrome]]>
              </value>
            </param>
          </params>
          <reporter-output>
          </reporter-output>
        </test-method> <!-- openApp -->
        <test-method status="PASS" signature="view_LLR_List()[pri:13, instance:script.View_LLR_List_TC13@59f99ea]" name="view_LLR_List" duration-ms="11987" started-at="2018-12-12T06:22:00Z" finished-at="2018-12-12T06:22:12Z">
          <reporter-output>
            <line>
              <![CDATA[LLR Request List Page is displayed.]]>
            </line>
            <line>
              <![CDATA[The Report is not editable.]]>
            </line>
            <line>
              <![CDATA[Test: view_LLR_List is Pass]]>
            </line>
          </reporter-output>
        </test-method> <!-- view_LLR_List -->
        <test-method status="PASS" signature="closeApp(org.testng.ITestResult)[pri:0, instance:script.View_LLR_List_TC13@59f99ea]" name="closeApp" is-config="true" duration-ms="162" started-at="2018-12-12T06:22:12Z" finished-at="2018-12-12T06:22:12Z">
          <params>
            <param index="0">
              <value>
                <![CDATA[[TestResult name=view_LLR_List status=SUCCESS method=View_LLR_List_TC13.view_LLR_List()[pri:13, instance:script.View_LLR_List_TC13@59f99ea] output=LLR Request List Page is displayed.]]]>
              </value>
            </param>
          </params>
          <reporter-output>
            <line>
              <![CDATA[TestName: view_LLR_List Status: Pass]]>
            </line>
          </reporter-output>
        </test-method> <!-- closeApp -->
      </class> <!-- script.View_LLR_List_TC13 -->
      <class name="script.Create_LLR_Request_PNG_TC11">
        <test-method status="PASS" signature="openApp(java.lang.String, java.lang.String)[pri:0, instance:script.Create_LLR_Request_PNG_TC11@68c4039c]" name="openApp" is-config="true" duration-ms="10563" started-at="2018-12-12T06:15:34Z" finished-at="2018-12-12T06:15:44Z">
          <params>
            <param index="0">
              <value>
                <![CDATA[localhost]]>
              </value>
            </param>
            <param index="1">
              <value>
                <![CDATA[chrome]]>
              </value>
            </param>
          </params>
          <reporter-output>
          </reporter-output>
        </test-method> <!-- openApp -->
        <test-method status="PASS" signature="create_LLR_png()[pri:11, instance:script.Create_LLR_Request_PNG_TC11@68c4039c]" name="create_LLR_png" duration-ms="149393" started-at="2018-12-12T06:15:44Z" finished-at="2018-12-12T06:18:14Z">
          <reporter-output>
            <line>
              <![CDATA[LLR Request List Page is displayed.]]>
            </line>
            <line>
              <![CDATA[Test: create_LLR_png is Pass]]>
            </line>
          </reporter-output>
        </test-method> <!-- create_LLR_png -->
        <test-method status="PASS" signature="closeApp(org.testng.ITestResult)[pri:0, instance:script.Create_LLR_Request_PNG_TC11@68c4039c]" name="closeApp" is-config="true" duration-ms="1040" started-at="2018-12-12T06:18:14Z" finished-at="2018-12-12T06:18:15Z">
          <params>
            <param index="0">
              <value>
                <![CDATA[[TestResult name=create_LLR_png status=SUCCESS method=Create_LLR_Request_PNG_TC11.create_LLR_png()[pri:11, instance:script.Create_LLR_Request_PNG_TC11@68c4039c] output=LLR Request List Page is displayed.]]]>
              </value>
            </param>
          </params>
          <reporter-output>
            <line>
              <![CDATA[TestName: create_LLR_png Status: Pass]]>
            </line>
          </reporter-output>
        </test-method> <!-- closeApp -->
      </class> <!-- script.Create_LLR_Request_PNG_TC11 -->
      <class name="script.CMS_Auto">
        <test-method status="PASS" signature="openApp(java.lang.String, java.lang.String)[pri:0, instance:script.CMS_Auto@5e5792a0]" name="openApp" is-config="true" duration-ms="7428" started-at="2018-12-12T06:12:32Z" finished-at="2018-12-12T06:12:40Z">
          <params>
            <param index="0">
              <value>
                <![CDATA[localhost]]>
              </value>
            </param>
            <param index="1">
              <value>
                <![CDATA[chrome]]>
              </value>
            </param>
          </params>
          <reporter-output>
          </reporter-output>
        </test-method> <!-- openApp -->
        <test-method status="PASS" signature="creationOfDDM()[pri:0, instance:script.CMS_Auto@5e5792a0]" name="creationOfDDM" duration-ms="42021" started-at="2018-12-12T06:12:40Z" finished-at="2018-12-12T06:13:22Z">
          <reporter-output>
            <line>
              <![CDATA[Test: creationOfDDM is Pass]]>
            </line>
          </reporter-output>
        </test-method> <!-- creationOfDDM -->
        <test-method status="PASS" signature="closeApp(org.testng.ITestResult)[pri:0, instance:script.CMS_Auto@5e5792a0]" name="closeApp" is-config="true" duration-ms="171" started-at="2018-12-12T06:13:22Z" finished-at="2018-12-12T06:13:22Z">
          <params>
            <param index="0">
              <value>
                <![CDATA[[TestResult name=creationOfDDM status=SUCCESS method=CMS_Auto.creationOfDDM()[pri:0, instance:script.CMS_Auto@5e5792a0] output=Test: creationOfDDM is Pass]]]>
              </value>
            </param>
          </params>
          <reporter-output>
            <line>
              <![CDATA[TestName: creationOfDDM Status: Pass]]>
            </line>
          </reporter-output>
        </test-method> <!-- closeApp -->
      </class> <!-- script.CMS_Auto -->
    </test> <!-- Test -->
  </suite> <!-- Suite -->
</testng-results>
